#
# A fatal error has been detected by the Java Runtime Environment:
#
#  SIGSEGV (0xb) at pc=0x0000000000000000, pid=3516, tid=40195
#
# JRE version: OpenJDK Runtime Environment (11.0.1+13) (build 11.0.1+13)
# Java VM: OpenJDK 64-Bit Server VM (11.0.1+13, mixed mode, tiered, compressed oops, g1 gc, bsd-amd64)
# Problematic frame:
# C  0x0000000000000000
#
# No core dump will be written. Core dumps have been disabled. To enable core dumping, try "ulimit -c unlimited" before starting Java again
#
# If you would like to submit a bug report, please visit:
#   http://bugreport.java.com/bugreport/crash.jsp
#

---------------  S U M M A R Y ------------

Command Line: --add-modules=ALL-SYSTEM --add-opens=java.base/java.util=ALL-UNNAMED --add-opens=java.base/java.lang=ALL-UNNAMED -Declipse.application=org.eclipse.jdt.ls.core.id1 -Dosgi.bundles.defaultStartLevel=4 -Declipse.product=org.eclipse.jdt.ls.core.product -Xverify:none -Xmx1G -XX:+UseG1GC -XX:+UseStringDeduplication /Users/admin/.vscode/extensions/redhat.java-0.34.0/server/plugins/org.eclipse.equinox.launcher_1.5.200.v20180922-1751.jar -configuration /Users/admin/.vscode/extensions/redhat.java-0.34.0/server/config_mac -data /Users/admin/Library/Application Support/Code/User/workspaceStorage/6059fc2f899d174b2d581b269e1a5d32/redhat.java/jdt_ws

Host: MacBookPro9,2 x86_64 2500 MHz, 4 cores, 16G, Darwin 17.7.0
Time: Fri Nov 30 15:05:26 2018 EST elapsed time: 904 seconds (0d 0h 15m 4s)

---------------  T H R E A D  ---------------

Current thread (0x00007f9a3c0e2000):  GCTaskThread "GC Thread#3" [stack: 0x0000700007fd7000,0x00007000080d7000] [id=40195]

Stack: [0x0000700007fd7000,0x00007000080d7000],  sp=0x00007000080d6c78,  free space=1023k

siginfo: si_signo: 11 (SIGSEGV), si_code: 1 (SEGV_MAPERR), si_addr: 0x0000000000000000

Register to memory mapping:

RAX=
[error occurred during error reporting (printing register info), id 0xb, SIGSEGV (0xb) at pc=0x0000000000000000]

Registers:
RAX=0x0000000117a98410, RBX=0x00007000080d6d10, RCX=0x00000001060ff570, RDX=0x0000000117a89000
RSP=0x00007000080d6c78, RBP=0x00007000080d6c90, RSI=0x000000000000f400, RDI=0x0000000117a98410
R8 =0x0000000117a89000, R9 =0x000000000001ffff, R10=0x0000000000000002, R11=0x0000000000000202
R12=0x0000000117a95590, R13=0x00007000080d6d10, R14=0x00007f9a3ad04020, R15=0x000000000000000c
RIP=0x0000000000000000, EFLAGS=0x0000000000010202, ERR=0x0000000000000014
  TRAPNO=0x000000000000000e

Top of Stack: (sp=0x00007000080d6c78)
0x00007000080d6c78:   0000000106b06c14 00007000080d6d10
0x00007000080d6c88:   00007000080d6d80 00007000080d6cb0
0x00007000080d6c98:   0000000106b06b9f 00007000080d6d10
0x00007000080d6ca8:   00007000080d6d80 00007000080d6cd0
0x00007000080d6cb8:   0000000106a0db1d 0000000117a97f90
0x00007000080d6cc8:   00007000080d6d7c 00007000080d6d60
0x00007000080d6cd8:   0000000106b07007 0000000117a95590
0x00007000080d6ce8:   00007f9a3ac10a70 0000700000000000
0x00007000080d6cf8:   00007f9a3ac10a70 00007f9a00000002
0x00007000080d6d08:   0000700007388558 0000000117a98410
0x00007000080d6d18:   00007f9a3ac10a70 0000700000000000
0x00007000080d6d28:   00007f9a3ac10a70 00007f9a00000002
0x00007000080d6d38:   0000000000000010 0000700007388540
0x00007000080d6d48:   0000000000000000 00007000080d6d80
0x00007000080d6d58:   00007000080d6d7c 00007000080d6e30
0x00007000080d6d68:   0000000106b06cf3 00007000080d6d80
0x00007000080d6d78:   0000000d3c0e2000 0000000117a95890
0x00007000080d6d88:   0000000117a95b90 0000000117a95e10
0x00007000080d6d98:   0000000117a96110 0000000117a96410
0x00007000080d6da8:   0000000117a96710 0000000117a96b90
0x00007000080d6db8:   0000000117a96e90 0000000117a97110
0x00007000080d6dc8:   0000000117a97510 0000000117a97810
0x00007000080d6dd8:   0000000117a97c10 0000000117a97f90
0x00007000080d6de8:   0000000117a94d10 0000000117a95290
0x00007000080d6df8:   0000000117a95590 0000700000000000
0x00007000080d6e08:   8769784fcff40028 00007000073884a8
0x00007000080d6e18:   00007000073884a8 0000000000000001
0x00007000080d6e28:   0000700007388540 00007000080d6e60
0x00007000080d6e38:   0000000106b069e7 00007000073884a8
0x00007000080d6e48:   0000000000000001 00007000080d6e78
0x00007000080d6e58:   00007f9a3c0e2000 00007000080d6ea0
0x00007000080d6e68:   0000000106f7676f 00007f9a3c0e2000 

Instructions: (pc=0x0000000000000000)
0xffffffffffffffe0:   


---------------  P R O C E S S  ---------------

Threads class SMR info:
_java_thread_list=0x00007f9a3fd34000, length=33, elements={
0x00007f9a3c806000, 0x00007f9a3b01b800, 0x00007f9a3b01e800, 0x00007f9a3b017800,
0x00007f9a3b02b000, 0x00007f9a3b876000, 0x00007f9a3c8aa800, 0x00007f9a3c8b9800,
0x00007f9a3c8ee800, 0x00007f9a3c9fd800, 0x00007f9a3c972000, 0x00007f9a3cc7b000,
0x00007f9a3c482000, 0x00007f9a3bc68000, 0x00007f9a3bc83000, 0x00007f9a3bea2800,
0x00007f9a3c9df000, 0x00007f9a3ba1e800, 0x00007f9a414c3000, 0x00007f9a41c93000,
0x00007f9a3c351000, 0x00007f9a413a0800, 0x00007f9a414c2000, 0x00007f9a3c25e800,
0x00007f9a3bc03800, 0x00007f9a414b3800, 0x00007f9a4107f800, 0x00007f9a417f0800,
0x00007f9a40dfd000, 0x00007f9a41c8e800, 0x00007f9a40a60000, 0x00007f9a40de5000,
0x00007f9a401de000
}

Java Threads: ( => current thread )
  0x00007f9a3c806000 JavaThread "main" [_thread_blocked, id=6915, stack(0x000000010757b000,0x000000010767b000)]
  0x00007f9a3b01b800 JavaThread "Reference Handler" daemon [_thread_blocked, id=18947, stack(0x000070000738c000,0x000070000748c000)]
  0x00007f9a3b01e800 JavaThread "Finalizer" daemon [_thread_blocked, id=18435, stack(0x000070000748f000,0x000070000758f000)]
  0x00007f9a3b017800 JavaThread "Signal Dispatcher" daemon [_thread_blocked, id=14599, stack(0x0000700007592000,0x0000700007692000)]
  0x00007f9a3b02b000 JavaThread "C2 CompilerThread0" daemon [_thread_in_native, id=16131, stack(0x0000700007695000,0x0000700007795000)]
  0x00007f9a3b876000 JavaThread "C1 CompilerThread0" daemon [_thread_blocked, id=43267, stack(0x0000700007798000,0x0000700007898000)]
  0x00007f9a3c8aa800 JavaThread "Sweeper thread" daemon [_thread_blocked, id=43011, stack(0x000070000789b000,0x000070000799b000)]
  0x00007f9a3c8b9800 JavaThread "Common-Cleaner" daemon [_thread_blocked, id=22787, stack(0x000070000799e000,0x0000700007a9e000)]
  0x00007f9a3c8ee800 JavaThread "Service Thread" daemon [_thread_blocked, id=23299, stack(0x0000700007aa1000,0x0000700007ba1000)]
  0x00007f9a3c9fd800 JavaThread "Active Thread: Equinox Container: 349cd54b-e0dc-46ae-b594-eebbdc104db3" [_thread_blocked, id=25347, stack(0x00007000080da000,0x00007000081da000)]
  0x00007f9a3c972000 JavaThread "Framework Event Dispatcher: Equinox Container: 349cd54b-e0dc-46ae-b594-eebbdc104db3" daemon [_thread_blocked, id=39427, stack(0x00007000081dd000,0x00007000082dd000)]
  0x00007f9a3cc7b000 JavaThread "Start Level: Equinox Container: 349cd54b-e0dc-46ae-b594-eebbdc104db3" daemon [_thread_blocked, id=26115, stack(0x00007000082e0000,0x00007000083e0000)]
  0x00007f9a3c482000 JavaThread "Worker-JM" [_thread_blocked, id=24583, stack(0x0000700007cce000,0x0000700007dce000)]
  0x00007f9a3bc68000 JavaThread "Java indexing" daemon [_thread_blocked, id=85507, stack(0x00007000084e6000,0x00007000085e6000)]
  0x00007f9a3bc83000 JavaThread "Bundle File Closer" daemon [_thread_blocked, id=84739, stack(0x00007000086ec000,0x00007000087ec000)]
  0x00007f9a3bea2800 JavaThread "pool-2-thread-1" [_thread_blocked, id=84231, stack(0x00007000088f2000,0x00007000089f2000)]
  0x00007f9a3c9df000 JavaThread "pool-1-thread-1" [_thread_in_native, id=47619, stack(0x00007000089f5000,0x0000700008af5000)]
  0x00007f9a3ba1e800 JavaThread "Worker-6" [_thread_blocked, id=81163, stack(0x000070000920d000,0x000070000930d000)]
  0x00007f9a414c3000 JavaThread "ForkJoinPool.commonPool-worker-1" daemon [_thread_blocked, id=80403, stack(0x00007000087ef000,0x00007000088ef000)]
  0x00007f9a41c93000 JavaThread "ForkJoinPool.commonPool-worker-3" daemon [_thread_blocked, id=81671, stack(0x0000700008bfb000,0x0000700008cfb000)]
  0x00007f9a3c351000 JavaThread "Worker-13" [_thread_blocked, id=42003, stack(0x0000700008cfe000,0x0000700008dfe000)]
  0x00007f9a413a0800 JavaThread "Worker-15" [_thread_blocked, id=49931, stack(0x00007000083e3000,0x00007000084e3000)]
  0x00007f9a414c2000 JavaThread "ForkJoinPool.commonPool-worker-5" daemon [_thread_blocked, id=46879, stack(0x00007000085e9000,0x00007000086e9000)]
  0x00007f9a3c25e800 JavaThread "Worker-16" [_thread_blocked, id=46107, stack(0x0000700008af8000,0x0000700008bf8000)]
  0x00007f9a3bc03800 JavaThread "pool-4-thread-1" [_thread_blocked, id=51207, stack(0x0000700008f04000,0x0000700009004000)]
  0x00007f9a414b3800 JavaThread "Worker-17" [_thread_blocked, id=51491, stack(0x0000700008e01000,0x0000700008f01000)]
  0x00007f9a4107f800 JavaThread "Worker-18" [_thread_blocked, id=49451, stack(0x0000700009007000,0x0000700009107000)]
  0x00007f9a417f0800 JavaThread "pool-5-thread-1" [_thread_blocked, id=2319, stack(0x000070000910a000,0x000070000920a000)]
  0x00007f9a40dfd000 JavaThread "pool-6-thread-1" [_thread_blocked, id=48647, stack(0x0000700009310000,0x0000700009410000)]
  0x00007f9a41c8e800 JavaThread "pool-7-thread-1" [_thread_blocked, id=82951, stack(0x0000700009516000,0x0000700009616000)]
  0x00007f9a40a60000 JavaThread "pool-8-thread-1" [_thread_blocked, id=78851, stack(0x000070000981f000,0x000070000991f000)]
  0x00007f9a40de5000 JavaThread "pool-9-thread-1" [_thread_blocked, id=78339, stack(0x0000700009922000,0x0000700009a22000)]
  0x00007f9a401de000 JavaThread "C2 CompilerThread1" daemon [_thread_in_native, id=82703, stack(0x000070000971c000,0x000070000981c000)]

Other Threads:
  0x00007f9a3b01a800 VMThread "VM Thread" [stack: 0x0000700007289000,0x0000700007389000] [id=19203]
  0x00007f9a3c0c2800 WatcherThread [stack: 0x0000700007ba4000,0x0000700007ca4000] [id=23811]
  0x00007f9a3b806000 GCTaskThread "GC Thread#0" [stack: 0x0000700006c77000,0x0000700006d77000] [id=11779]
  0x00007f9a3c0df000 GCTaskThread "GC Thread#1" [stack: 0x0000700007dd1000,0x0000700007ed1000] [id=41219]
  0x00007f9a3c066000 GCTaskThread "GC Thread#2" [stack: 0x0000700007ed4000,0x0000700007fd4000] [id=40707]
=>0x00007f9a3c0e2000 GCTaskThread "GC Thread#3" [stack: 0x0000700007fd7000,0x00007000080d7000] [id=40195]
  0x00007f9a3c827000 ConcurrentGCThread "G1 Main Marker" [stack: 0x0000700006d7a000,0x0000700006e7a000] [id=12291]
  0x00007f9a3c828000 ConcurrentGCThread "G1 Conc#0" [stack: 0x0000700006e7d000,0x0000700006f7d000] [id=20483]
  0x00007f9a3c880000 ConcurrentGCThread "G1 Refine#0" [stack: 0x0000700006f80000,0x0000700007080000] [id=12803]
  0x00007f9a3c261000 ConcurrentGCThread "G1 Refine#1" [stack: 0x0000700009413000,0x0000700009513000] [id=79875]
  0x00007f9a3e8ff800 ConcurrentGCThread "G1 Refine#2" [stack: 0x0000700009619000,0x0000700009719000] [id=79363]
  0x00007f9a3c881000 ConcurrentGCThread "G1 Young RemSet Sampling" [stack: 0x0000700007083000,0x0000700007183000] [id=13059]
  0x00007f9a3c884800 ConcurrentGCThread "StrDedup" [stack: 0x0000700007186000,0x0000700007286000] [id=19715]

Threads with active compile tasks:
C2 CompilerThread09863       4       org.eclipse.jdt.internal.compiler.lookup.LookupEnvironment::getTypeFromConstantPoolName (104 bytes)
C2 CompilerThread19866       4       org.eclipse.jdt.internal.compiler.lookup.LookupEnvironment::getCachedType (90 bytes)

VM state:at safepoint (normal execution)

VM Mutex/Monitor currently owned by a thread:  ([mutex/lock_event])
[0x00007f9a3ad021f0] Threads_lock - owner thread: 0x00007f9a3b01a800
[0x00007f9a3ad02870] Heap_lock - owner thread: 0x00007f9a3c827000

Heap address: 0x00000007c0000000, size: 1024 MB, Compressed Oops mode: Zero based, Oop shift amount: 3
Narrow klass base: 0x0000000800000000, Narrow klass shift: 0
Compressed class space size: 1073741824 Address: 0x0000000800000000

Heap:
 garbage-first heap   total 335872K, used 59464K [0x00000007c0000000, 0x0000000800000000)
  region size 1024K, 4 young (4096K), 2 survivors (2048K)
 Metaspace       used 63358K, capacity 66332K, committed 66768K, reserved 1110016K
  class space    used 6226K, capacity 7210K, committed 7296K, reserved 1048576K
Heap Regions: E=young(eden), S=young(survivor), O=old, HS=humongous(starts), HC=humongous(continues), CS=collection set, F=free, A=archive, TAMS=top-at-mark-start (previous, next)
|   0|0x00000007c0000000, 0x00000007c0100000, 0x00000007c0100000|100%| O|  |TAMS 0x00000007c0100000, 0x00000007c0100000| Untracked 
|   1|0x00000007c0100000, 0x00000007c0200000, 0x00000007c0200000|100%| O|  |TAMS 0x00000007c0200000, 0x00000007c0200000| Untracked 
|   2|0x00000007c0200000, 0x00000007c0300000, 0x00000007c0300000|100%| O|  |TAMS 0x00000007c0300000, 0x00000007c0300000| Untracked 
|   3|0x00000007c0300000, 0x00000007c0400000, 0x00000007c0400000|100%| O|  |TAMS 0x00000007c0400000, 0x00000007c0400000| Untracked 
|   4|0x00000007c0400000, 0x00000007c0500000, 0x00000007c0500000|100%| O|  |TAMS 0x00000007c0500000, 0x00000007c0500000| Untracked 
|   5|0x00000007c0500000, 0x00000007c0600000, 0x00000007c0600000|100%| O|  |TAMS 0x00000007c0600000, 0x00000007c0600000| Untracked 
|   6|0x00000007c0600000, 0x00000007c0700000, 0x00000007c0700000|100%| O|  |TAMS 0x00000007c0700000, 0x00000007c0700000| Untracked 
|   7|0x00000007c0700000, 0x00000007c0800000, 0x00000007c0800000|100%| O|  |TAMS 0x00000007c0800000, 0x00000007c0800000| Untracked 
|   8|0x00000007c0800000, 0x00000007c0900000, 0x00000007c0900000|100%| O|  |TAMS 0x00000007c0900000, 0x00000007c0900000| Untracked 
|   9|0x00000007c0900000, 0x00000007c0a00000, 0x00000007c0a00000|100%| O|  |TAMS 0x00000007c0a00000, 0x00000007c0a00000| Untracked 
|  10|0x00000007c0a00000, 0x00000007c0b00000, 0x00000007c0b00000|100%| O|  |TAMS 0x00000007c0b00000, 0x00000007c0b00000| Untracked 
|  11|0x00000007c0b00000, 0x00000007c0c00000, 0x00000007c0c00000|100%| O|  |TAMS 0x00000007c0c00000, 0x00000007c0c00000| Untracked 
|  12|0x00000007c0c00000, 0x00000007c0d00000, 0x00000007c0d00000|100%| O|  |TAMS 0x00000007c0d00000, 0x00000007c0d00000| Untracked 
|  13|0x00000007c0d00000, 0x00000007c0e00000, 0x00000007c0e00000|100%|HS|  |TAMS 0x00000007c0e00000, 0x00000007c0e00000| Complete 
|  14|0x00000007c0e00000, 0x00000007c0f00000, 0x00000007c0f00000|100%| O|  |TAMS 0x00000007c0f00000, 0x00000007c0f00000| Untracked 
|  15|0x00000007c0f00000, 0x00000007c1000000, 0x00000007c1000000|100%| O|  |TAMS 0x00000007c1000000, 0x00000007c1000000| Untracked 
|  16|0x00000007c1000000, 0x00000007c1100000, 0x00000007c1100000|100%| O|  |TAMS 0x00000007c1100000, 0x00000007c1100000| Untracked 
|  17|0x00000007c1100000, 0x00000007c1200000, 0x00000007c1200000|100%| O|  |TAMS 0x00000007c1200000, 0x00000007c1200000| Untracked 
|  18|0x00000007c1200000, 0x00000007c1300000, 0x00000007c1300000|100%| O|  |TAMS 0x00000007c1300000, 0x00000007c1300000| Untracked 
|  19|0x00000007c1300000, 0x00000007c1400000, 0x00000007c1400000|100%| O|  |TAMS 0x00000007c1400000, 0x00000007c1400000| Untracked 
|  20|0x00000007c1400000, 0x00000007c1500000, 0x00000007c1500000|100%| O|  |TAMS 0x00000007c1500000, 0x00000007c1500000| Untracked 
|  21|0x00000007c1500000, 0x00000007c1600000, 0x00000007c1600000|100%| O|  |TAMS 0x00000007c1600000, 0x00000007c1600000| Untracked 
|  22|0x00000007c1600000, 0x00000007c1700000, 0x00000007c1700000|100%| O|  |TAMS 0x00000007c1700000, 0x00000007c1700000| Untracked 
|  23|0x00000007c1700000, 0x00000007c1800000, 0x00000007c1800000|100%| O|  |TAMS 0x00000007c1800000, 0x00000007c1800000| Untracked 
|  24|0x00000007c1800000, 0x00000007c1900000, 0x00000007c1900000|100%| O|  |TAMS 0x00000007c1900000, 0x00000007c1900000| Untracked 
|  25|0x00000007c1900000, 0x00000007c1a00000, 0x00000007c1a00000|100%| O|  |TAMS 0x00000007c1a00000, 0x00000007c1a00000| Untracked 
|  26|0x00000007c1a00000, 0x00000007c1b00000, 0x00000007c1b00000|100%| O|  |TAMS 0x00000007c1b00000, 0x00000007c1b00000| Untracked 
|  27|0x00000007c1b00000, 0x00000007c1c00000, 0x00000007c1c00000|100%| O|  |TAMS 0x00000007c1c00000, 0x00000007c1c00000| Untracked 
|  28|0x00000007c1c00000, 0x00000007c1d00000, 0x00000007c1d00000|100%| O|  |TAMS 0x00000007c1d00000, 0x00000007c1d00000| Untracked 
|  29|0x00000007c1d00000, 0x00000007c1e00000, 0x00000007c1e00000|100%| O|  |TAMS 0x00000007c1dc3c00, 0x00000007c1e00000| Untracked 
|  30|0x00000007c1e00000, 0x00000007c1f00000, 0x00000007c1f00000|100%| O|  |TAMS 0x00000007c1f00000, 0x00000007c1f00000| Untracked 
|  31|0x00000007c1f00000, 0x00000007c2000000, 0x00000007c2000000|100%| O|  |TAMS 0x00000007c2000000, 0x00000007c2000000| Untracked 
|  32|0x00000007c2000000, 0x00000007c2100000, 0x00000007c2100000|100%| O|  |TAMS 0x00000007c2100000, 0x00000007c2100000| Untracked 
|  33|0x00000007c2100000, 0x00000007c2200000, 0x00000007c2200000|100%| O|  |TAMS 0x00000007c2200000, 0x00000007c2200000| Untracked 
|  34|0x00000007c2200000, 0x00000007c2300000, 0x00000007c2300000|100%| O|  |TAMS 0x00000007c2300000, 0x00000007c2300000| Untracked 
|  35|0x00000007c2300000, 0x00000007c2400000, 0x00000007c2400000|100%| O|  |TAMS 0x00000007c2400000, 0x00000007c2400000| Untracked 
|  36|0x00000007c2400000, 0x00000007c2500000, 0x00000007c2500000|100%| O|  |TAMS 0x00000007c2500000, 0x00000007c2500000| Untracked 
|  37|0x00000007c2500000, 0x00000007c2600000, 0x00000007c2600000|100%| O|  |TAMS 0x00000007c2600000, 0x00000007c2600000| Untracked 
|  38|0x00000007c2600000, 0x00000007c2700000, 0x00000007c2700000|100%| O|  |TAMS 0x00000007c2700000, 0x00000007c2700000| Untracked 
|  39|0x00000007c2700000, 0x00000007c2800000, 0x00000007c2800000|100%| O|  |TAMS 0x00000007c2800000, 0x00000007c2800000| Untracked 
|  40|0x00000007c2800000, 0x00000007c2900000, 0x00000007c2900000|100%| O|  |TAMS 0x00000007c2900000, 0x00000007c2900000| Untracked 
|  41|0x00000007c2900000, 0x00000007c2a00000, 0x00000007c2a00000|100%| O|  |TAMS 0x00000007c2a00000, 0x00000007c2a00000| Untracked 
|  42|0x00000007c2a00000, 0x00000007c2b00000, 0x00000007c2b00000|100%| O|  |TAMS 0x00000007c2b00000, 0x00000007c2b00000| Untracked 
|  43|0x00000007c2b00000, 0x00000007c2c00000, 0x00000007c2c00000|100%| O|  |TAMS 0x00000007c2c00000, 0x00000007c2c00000| Untracked 
|  44|0x00000007c2c00000, 0x00000007c2d00000, 0x00000007c2d00000|100%| O|  |TAMS 0x00000007c2d00000, 0x00000007c2d00000| Untracked 
|  45|0x00000007c2d00000, 0x00000007c2e00000, 0x00000007c2e00000|100%| O|  |TAMS 0x00000007c2d00000, 0x00000007c2e00000| Untracked 
|  46|0x00000007c2e00000, 0x00000007c2f00000, 0x00000007c2f00000|100%| O|  |TAMS 0x00000007c2f00000, 0x00000007c2f00000| Untracked 
|  47|0x00000007c2f00000, 0x00000007c3000000, 0x00000007c3000000|100%| O|  |TAMS 0x00000007c3000000, 0x00000007c3000000| Untracked 
|  48|0x00000007c3000000, 0x00000007c3036200, 0x00000007c3100000| 21%| O|  |TAMS 0x00000007c3000000, 0x00000007c3036200| Untracked 
|  49|0x00000007c3100000, 0x00000007c3200000, 0x00000007c3200000|100%|HS|  |TAMS 0x00000007c3100000, 0x00000007c3100000| Complete 
|  50|0x00000007c3200000, 0x00000007c3200000, 0x00000007c3300000|  0%| F|  |TAMS 0x00000007c3200000, 0x00000007c3200000| Untracked 
|  51|0x00000007c3300000, 0x00000007c3300000, 0x00000007c3400000|  0%| F|  |TAMS 0x00000007c3300000, 0x00000007c3300000| Untracked 
|  52|0x00000007c3400000, 0x00000007c3400000, 0x00000007c3500000|  0%| F|  |TAMS 0x00000007c3400000, 0x00000007c3400000| Untracked 
|  53|0x00000007c3500000, 0x00000007c3500000, 0x00000007c3600000|  0%| F|  |TAMS 0x00000007c3500000, 0x00000007c3500000| Untracked 
|  54|0x00000007c3600000, 0x00000007c3600000, 0x00000007c3700000|  0%| F|  |TAMS 0x00000007c3600000, 0x00000007c3600000| Untracked 
|  55|0x00000007c3700000, 0x00000007c3700000, 0x00000007c3800000|  0%| F|  |TAMS 0x00000007c3700000, 0x00000007c3700000| Untracked 
|  56|0x00000007c3800000, 0x00000007c3800000, 0x00000007c3900000|  0%| F|  |TAMS 0x00000007c3800000, 0x00000007c3800000| Untracked 
|  57|0x00000007c3900000, 0x00000007c3900000, 0x00000007c3a00000|  0%| F|  |TAMS 0x00000007c3900000, 0x00000007c3900000| Untracked 
|  58|0x00000007c3a00000, 0x00000007c3a00000, 0x00000007c3b00000|  0%| F|  |TAMS 0x00000007c3a00000, 0x00000007c3a00000| Untracked 
|  59|0x00000007c3b00000, 0x00000007c3b00000, 0x00000007c3c00000|  0%| F|  |TAMS 0x00000007c3b00000, 0x00000007c3b00000| Untracked 
|  60|0x00000007c3c00000, 0x00000007c3c00000, 0x00000007c3d00000|  0%| F|  |TAMS 0x00000007c3c00000, 0x00000007c3c00000| Untracked 
|  61|0x00000007c3d00000, 0x00000007c3d00000, 0x00000007c3e00000|  0%| F|  |TAMS 0x00000007c3d00000, 0x00000007c3d00000| Untracked 
|  62|0x00000007c3e00000, 0x00000007c3e00000, 0x00000007c3f00000|  0%| F|  |TAMS 0x00000007c3e00000, 0x00000007c3e00000| Untracked 
|  63|0x00000007c3f00000, 0x00000007c3f00000, 0x00000007c4000000|  0%| F|  |TAMS 0x00000007c3f00000, 0x00000007c3f00000| Untracked 
|  64|0x00000007c4000000, 0x00000007c4000000, 0x00000007c4100000|  0%| F|  |TAMS 0x00000007c4000000, 0x00000007c4000000| Untracked 
|  65|0x00000007c4100000, 0x00000007c4100000, 0x00000007c4200000|  0%| F|  |TAMS 0x00000007c4100000, 0x00000007c4100000| Untracked 
|  66|0x00000007c4200000, 0x00000007c4200000, 0x00000007c4300000|  0%| F|  |TAMS 0x00000007c4200000, 0x00000007c4200000| Untracked 
|  67|0x00000007c4300000, 0x00000007c4300000, 0x00000007c4400000|  0%| F|  |TAMS 0x00000007c4300000, 0x00000007c4300000| Untracked 
|  68|0x00000007c4400000, 0x00000007c4400000, 0x00000007c4500000|  0%| F|  |TAMS 0x00000007c4400000, 0x00000007c4400000| Untracked 
|  69|0x00000007c4500000, 0x00000007c4500000, 0x00000007c4600000|  0%| F|  |TAMS 0x00000007c4500000, 0x00000007c4500000| Untracked 
|  70|0x00000007c4600000, 0x00000007c4600000, 0x00000007c4700000|  0%| F|  |TAMS 0x00000007c4600000, 0x00000007c4600000| Untracked 
|  71|0x00000007c4700000, 0x00000007c4700000, 0x00000007c4800000|  0%| F|  |TAMS 0x00000007c4700000, 0x00000007c4700000| Untracked 
|  72|0x00000007c4800000, 0x00000007c4800000, 0x00000007c4900000|  0%| F|  |TAMS 0x00000007c4800000, 0x00000007c4800000| Untracked 
|  73|0x00000007c4900000, 0x00000007c4900000, 0x00000007c4a00000|  0%| F|  |TAMS 0x00000007c4900000, 0x00000007c4900000| Untracked 
|  74|0x00000007c4a00000, 0x00000007c4a00000, 0x00000007c4b00000|  0%| F|  |TAMS 0x00000007c4a00000, 0x00000007c4a00000| Untracked 
|  75|0x00000007c4b00000, 0x00000007c4b00000, 0x00000007c4c00000|  0%| F|  |TAMS 0x00000007c4b00000, 0x00000007c4b00000| Untracked 
|  76|0x00000007c4c00000, 0x00000007c4c00000, 0x00000007c4d00000|  0%| F|  |TAMS 0x00000007c4c00000, 0x00000007c4c00000| Untracked 
|  77|0x00000007c4d00000, 0x00000007c4d00000, 0x00000007c4e00000|  0%| F|  |TAMS 0x00000007c4d00000, 0x00000007c4d00000| Untracked 
|  78|0x00000007c4e00000, 0x00000007c4e00000, 0x00000007c4f00000|  0%| F|  |TAMS 0x00000007c4e00000, 0x00000007c4e00000| Untracked 
|  79|0x00000007c4f00000, 0x00000007c4f00000, 0x00000007c5000000|  0%| F|  |TAMS 0x00000007c4f00000, 0x00000007c4f00000| Untracked 
|  80|0x00000007c5000000, 0x00000007c5000000, 0x00000007c5100000|  0%| F|  |TAMS 0x00000007c5000000, 0x00000007c5000000| Untracked 
|  81|0x00000007c5100000, 0x00000007c5100000, 0x00000007c5200000|  0%| F|  |TAMS 0x00000007c5100000, 0x00000007c5100000| Untracked 
|  82|0x00000007c5200000, 0x00000007c5200000, 0x00000007c5300000|  0%| F|  |TAMS 0x00000007c5200000, 0x00000007c5200000| Untracked 
|  83|0x00000007c5300000, 0x00000007c5400000, 0x00000007c5400000|100%|HS|  |TAMS 0x00000007c5400000, 0x00000007c5400000| Complete 
|  84|0x00000007c5400000, 0x00000007c5400000, 0x00000007c5500000|  0%| F|  |TAMS 0x00000007c5400000, 0x00000007c5400000| Untracked 
|  85|0x00000007c5500000, 0x00000007c5500000, 0x00000007c5600000|  0%| F|  |TAMS 0x00000007c5500000, 0x00000007c5500000| Untracked 
|  86|0x00000007c5600000, 0x00000007c5600000, 0x00000007c5700000|  0%| F|  |TAMS 0x00000007c5600000, 0x00000007c5600000| Untracked 
|  87|0x00000007c5700000, 0x00000007c5700000, 0x00000007c5800000|  0%| F|  |TAMS 0x00000007c5700000, 0x00000007c5700000| Untracked 
|  88|0x00000007c5800000, 0x00000007c5800000, 0x00000007c5900000|  0%| F|  |TAMS 0x00000007c5800000, 0x00000007c5800000| Untracked 
|  89|0x00000007c5900000, 0x00000007c5900000, 0x00000007c5a00000|  0%| F|  |TAMS 0x00000007c5900000, 0x00000007c5900000| Untracked 
|  90|0x00000007c5a00000, 0x00000007c5a00000, 0x00000007c5b00000|  0%| F|  |TAMS 0x00000007c5a00000, 0x00000007c5a00000| Untracked 
|  91|0x00000007c5b00000, 0x00000007c5b00000, 0x00000007c5c00000|  0%| F|  |TAMS 0x00000007c5b00000, 0x00000007c5b00000| Untracked 
|  92|0x00000007c5c00000, 0x00000007c5c00000, 0x00000007c5d00000|  0%| F|  |TAMS 0x00000007c5c00000, 0x00000007c5c00000| Untracked 
|  93|0x00000007c5d00000, 0x00000007c5e00000, 0x00000007c5e00000|100%| O|  |TAMS 0x00000007c5e00000, 0x00000007c5e00000| Untracked 
|  94|0x00000007c5e00000, 0x00000007c5e00000, 0x00000007c5f00000|  0%| F|  |TAMS 0x00000007c5e00000, 0x00000007c5e00000| Untracked 
|  95|0x00000007c5f00000, 0x00000007c5f00000, 0x00000007c6000000|  0%| F|  |TAMS 0x00000007c5f00000, 0x00000007c5f00000| Untracked 
|  96|0x00000007c6000000, 0x00000007c6000000, 0x00000007c6100000|  0%| F|  |TAMS 0x00000007c6000000, 0x00000007c6000000| Untracked 
|  97|0x00000007c6100000, 0x00000007c6100000, 0x00000007c6200000|  0%| F|  |TAMS 0x00000007c6100000, 0x00000007c6100000| Untracked 
|  98|0x00000007c6200000, 0x00000007c6300000, 0x00000007c6300000|100%| O|  |TAMS 0x00000007c6300000, 0x00000007c6300000| Untracked 
|  99|0x00000007c6300000, 0x00000007c6400000, 0x00000007c6400000|100%| O|  |TAMS 0x00000007c6400000, 0x00000007c6400000| Untracked 
| 100|0x00000007c6400000, 0x00000007c6400000, 0x00000007c6500000|  0%| F|  |TAMS 0x00000007c6400000, 0x00000007c6400000| Untracked 
| 101|0x00000007c6500000, 0x00000007c6500000, 0x00000007c6600000|  0%| F|  |TAMS 0x00000007c6500000, 0x00000007c6500000| Untracked 
| 102|0x00000007c6600000, 0x00000007c6600000, 0x00000007c6700000|  0%| F|  |TAMS 0x00000007c6600000, 0x00000007c6600000| Untracked 
| 103|0x00000007c6700000, 0x00000007c6700000, 0x00000007c6800000|  0%| F|  |TAMS 0x00000007c6700000, 0x00000007c6700000| Untracked 
| 104|0x00000007c6800000, 0x00000007c6800000, 0x00000007c6900000|  0%| F|  |TAMS 0x00000007c6800000, 0x00000007c6800000| Untracked 
| 105|0x00000007c6900000, 0x00000007c6900000, 0x00000007c6a00000|  0%| F|  |TAMS 0x00000007c6900000, 0x00000007c6900000| Untracked 
| 106|0x00000007c6a00000, 0x00000007c6a00000, 0x00000007c6b00000|  0%| F|  |TAMS 0x00000007c6a00000, 0x00000007c6a00000| Untracked 
| 107|0x00000007c6b00000, 0x00000007c6b00000, 0x00000007c6c00000|  0%| F|  |TAMS 0x00000007c6b00000, 0x00000007c6b00000| Untracked 
| 108|0x00000007c6c00000, 0x00000007c6c00000, 0x00000007c6d00000|  0%| F|  |TAMS 0x00000007c6c00000, 0x00000007c6c00000| Untracked 
| 109|0x00000007c6d00000, 0x00000007c6d00000, 0x00000007c6e00000|  0%| F|  |TAMS 0x00000007c6d00000, 0x00000007c6d00000| Untracked 
| 110|0x00000007c6e00000, 0x00000007c6e00000, 0x00000007c6f00000|  0%| F|  |TAMS 0x00000007c6e00000, 0x00000007c6e00000| Untracked 
| 111|0x00000007c6f00000, 0x00000007c6f00000, 0x00000007c7000000|  0%| F|  |TAMS 0x00000007c6f00000, 0x00000007c6f00000| Untracked 
| 112|0x00000007c7000000, 0x00000007c7000000, 0x00000007c7100000|  0%| F|  |TAMS 0x00000007c7000000, 0x00000007c7000000| Untracked 
| 113|0x00000007c7100000, 0x00000007c7100000, 0x00000007c7200000|  0%| F|  |TAMS 0x00000007c7100000, 0x00000007c7100000| Untracked 
| 114|0x00000007c7200000, 0x00000007c7200000, 0x00000007c7300000|  0%| F|  |TAMS 0x00000007c7200000, 0x00000007c7200000| Untracked 
| 115|0x00000007c7300000, 0x00000007c7300000, 0x00000007c7400000|  0%| F|  |TAMS 0x00000007c7300000, 0x00000007c7300000| Untracked 
| 116|0x00000007c7400000, 0x00000007c7400000, 0x00000007c7500000|  0%| F|  |TAMS 0x00000007c7400000, 0x00000007c7400000| Untracked 
| 117|0x00000007c7500000, 0x00000007c7500000, 0x00000007c7600000|  0%| F|  |TAMS 0x00000007c7500000, 0x00000007c7500000| Untracked 
| 118|0x00000007c7600000, 0x00000007c7600000, 0x00000007c7700000|  0%| F|  |TAMS 0x00000007c7600000, 0x00000007c7600000| Untracked 
| 119|0x00000007c7700000, 0x00000007c7700000, 0x00000007c7800000|  0%| F|  |TAMS 0x00000007c7700000, 0x00000007c7700000| Untracked 
| 120|0x00000007c7800000, 0x00000007c7800000, 0x00000007c7900000|  0%| F|  |TAMS 0x00000007c7800000, 0x00000007c7800000| Untracked 
| 121|0x00000007c7900000, 0x00000007c7900000, 0x00000007c7a00000|  0%| F|  |TAMS 0x00000007c7900000, 0x00000007c7900000| Untracked 
| 122|0x00000007c7a00000, 0x00000007c7a00000, 0x00000007c7b00000|  0%| F|  |TAMS 0x00000007c7a00000, 0x00000007c7a00000| Untracked 
| 123|0x00000007c7b00000, 0x00000007c7b00000, 0x00000007c7c00000|  0%| F|  |TAMS 0x00000007c7b00000, 0x00000007c7b00000| Untracked 
| 124|0x00000007c7c00000, 0x00000007c7c00000, 0x00000007c7d00000|  0%| F|  |TAMS 0x00000007c7c00000, 0x00000007c7c00000| Untracked 
| 125|0x00000007c7d00000, 0x00000007c7d00000, 0x00000007c7e00000|  0%| F|  |TAMS 0x00000007c7d00000, 0x00000007c7d00000| Untracked 
| 126|0x00000007c7e00000, 0x00000007c7e00000, 0x00000007c7f00000|  0%| F|  |TAMS 0x00000007c7e00000, 0x00000007c7e00000| Untracked 
| 127|0x00000007c7f00000, 0x00000007c7f00000, 0x00000007c8000000|  0%| F|  |TAMS 0x00000007c7f00000, 0x00000007c7f00000| Untracked 
| 128|0x00000007c8000000, 0x00000007c8000000, 0x00000007c8100000|  0%| F|  |TAMS 0x00000007c8000000, 0x00000007c8000000| Untracked 
| 129|0x00000007c8100000, 0x00000007c8100000, 0x00000007c8200000|  0%| F|  |TAMS 0x00000007c8100000, 0x00000007c8100000| Untracked 
| 130|0x00000007c8200000, 0x00000007c8200000, 0x00000007c8300000|  0%| F|  |TAMS 0x00000007c8200000, 0x00000007c8200000| Untracked 
| 131|0x00000007c8300000, 0x00000007c8300000, 0x00000007c8400000|  0%| F|  |TAMS 0x00000007c8300000, 0x00000007c8300000| Untracked 
| 132|0x00000007c8400000, 0x00000007c8400000, 0x00000007c8500000|  0%| F|  |TAMS 0x00000007c8400000, 0x00000007c8400000| Untracked 
| 133|0x00000007c8500000, 0x00000007c8500000, 0x00000007c8600000|  0%| F|  |TAMS 0x00000007c8500000, 0x00000007c8500000| Untracked 
| 134|0x00000007c8600000, 0x00000007c8600000, 0x00000007c8700000|  0%| F|  |TAMS 0x00000007c8600000, 0x00000007c8600000| Untracked 
| 135|0x00000007c8700000, 0x00000007c8700000, 0x00000007c8800000|  0%| F|  |TAMS 0x00000007c8700000, 0x00000007c8700000| Untracked 
| 136|0x00000007c8800000, 0x00000007c8800000, 0x00000007c8900000|  0%| F|  |TAMS 0x00000007c8800000, 0x00000007c8800000| Untracked 
| 137|0x00000007c8900000, 0x00000007c8900000, 0x00000007c8a00000|  0%| F|  |TAMS 0x00000007c8900000, 0x00000007c8900000| Untracked 
| 138|0x00000007c8a00000, 0x00000007c8a00000, 0x00000007c8b00000|  0%| F|  |TAMS 0x00000007c8a00000, 0x00000007c8a00000| Untracked 
| 139|0x00000007c8b00000, 0x00000007c8b00000, 0x00000007c8c00000|  0%| F|  |TAMS 0x00000007c8b00000, 0x00000007c8b00000| Untracked 
| 140|0x00000007c8c00000, 0x00000007c8c00000, 0x00000007c8d00000|  0%| F|  |TAMS 0x00000007c8c00000, 0x00000007c8c00000| Untracked 
| 141|0x00000007c8d00000, 0x00000007c8d00000, 0x00000007c8e00000|  0%| F|  |TAMS 0x00000007c8d00000, 0x00000007c8d00000| Untracked 
| 142|0x00000007c8e00000, 0x00000007c8e00000, 0x00000007c8f00000|  0%| F|  |TAMS 0x00000007c8e00000, 0x00000007c8e00000| Untracked 
| 143|0x00000007c8f00000, 0x00000007c8f00000, 0x00000007c9000000|  0%| F|  |TAMS 0x00000007c8f00000, 0x00000007c8f00000| Untracked 
| 144|0x00000007c9000000, 0x00000007c9000000, 0x00000007c9100000|  0%| F|  |TAMS 0x00000007c9000000, 0x00000007c9000000| Untracked 
| 145|0x00000007c9100000, 0x00000007c9100000, 0x00000007c9200000|  0%| F|  |TAMS 0x00000007c9100000, 0x00000007c9100000| Untracked 
| 146|0x00000007c9200000, 0x00000007c9200000, 0x00000007c9300000|  0%| F|  |TAMS 0x00000007c9200000, 0x00000007c9200000| Untracked 
| 147|0x00000007c9300000, 0x00000007c9300000, 0x00000007c9400000|  0%| F|  |TAMS 0x00000007c9300000, 0x00000007c9300000| Untracked 
| 148|0x00000007c9400000, 0x00000007c9400000, 0x00000007c9500000|  0%| F|  |TAMS 0x00000007c9400000, 0x00000007c9400000| Untracked 
| 149|0x00000007c9500000, 0x00000007c9500000, 0x00000007c9600000|  0%| F|  |TAMS 0x00000007c9500000, 0x00000007c9500000| Untracked 
| 150|0x00000007c9600000, 0x00000007c9600000, 0x00000007c9700000|  0%| F|  |TAMS 0x00000007c9600000, 0x00000007c9600000| Untracked 
| 151|0x00000007c9700000, 0x00000007c9700000, 0x00000007c9800000|  0%| F|  |TAMS 0x00000007c9700000, 0x00000007c9700000| Untracked 
| 152|0x00000007c9800000, 0x00000007c9800000, 0x00000007c9900000|  0%| F|  |TAMS 0x00000007c9800000, 0x00000007c9800000| Untracked 
| 153|0x00000007c9900000, 0x00000007c9900000, 0x00000007c9a00000|  0%| F|  |TAMS 0x00000007c9900000, 0x00000007c9900000| Untracked 
| 154|0x00000007c9a00000, 0x00000007c9a00000, 0x00000007c9b00000|  0%| F|  |TAMS 0x00000007c9a00000, 0x00000007c9a00000| Untracked 
| 155|0x00000007c9b00000, 0x00000007c9b00000, 0x00000007c9c00000|  0%| F|  |TAMS 0x00000007c9b00000, 0x00000007c9b00000| Untracked 
| 156|0x00000007c9c00000, 0x00000007c9c00000, 0x00000007c9d00000|  0%| F|  |TAMS 0x00000007c9c00000, 0x00000007c9c00000| Untracked 
| 157|0x00000007c9d00000, 0x00000007c9d00000, 0x00000007c9e00000|  0%| F|  |TAMS 0x00000007c9d00000, 0x00000007c9d00000| Untracked 
| 158|0x00000007c9e00000, 0x00000007c9e00000, 0x00000007c9f00000|  0%| F|  |TAMS 0x00000007c9e00000, 0x00000007c9e00000| Untracked 
| 159|0x00000007c9f00000, 0x00000007c9f00000, 0x00000007ca000000|  0%| F|  |TAMS 0x00000007c9f00000, 0x00000007c9f00000| Untracked 
| 160|0x00000007ca000000, 0x00000007ca000000, 0x00000007ca100000|  0%| F|  |TAMS 0x00000007ca000000, 0x00000007ca000000| Untracked 
| 161|0x00000007ca100000, 0x00000007ca100000, 0x00000007ca200000|  0%| F|  |TAMS 0x00000007ca100000, 0x00000007ca100000| Untracked 
| 162|0x00000007ca200000, 0x00000007ca200000, 0x00000007ca300000|  0%| F|  |TAMS 0x00000007ca200000, 0x00000007ca200000| Untracked 
| 163|0x00000007ca300000, 0x00000007ca300000, 0x00000007ca400000|  0%| F|  |TAMS 0x00000007ca300000, 0x00000007ca300000| Untracked 
| 164|0x00000007ca400000, 0x00000007ca400000, 0x00000007ca500000|  0%| F|  |TAMS 0x00000007ca400000, 0x00000007ca400000| Untracked 
| 165|0x00000007ca500000, 0x00000007ca500000, 0x00000007ca600000|  0%| F|  |TAMS 0x00000007ca500000, 0x00000007ca500000| Untracked 
| 166|0x00000007ca600000, 0x00000007ca600000, 0x00000007ca700000|  0%| F|  |TAMS 0x00000007ca600000, 0x00000007ca600000| Untracked 
| 167|0x00000007ca700000, 0x00000007ca700000, 0x00000007ca800000|  0%| F|  |TAMS 0x00000007ca700000, 0x00000007ca700000| Untracked 
| 168|0x00000007ca800000, 0x00000007ca800000, 0x00000007ca900000|  0%| F|  |TAMS 0x00000007ca800000, 0x00000007ca800000| Untracked 
| 169|0x00000007ca900000, 0x00000007ca900000, 0x00000007caa00000|  0%| F|  |TAMS 0x00000007ca900000, 0x00000007ca900000| Untracked 
| 170|0x00000007caa00000, 0x00000007caa00000, 0x00000007cab00000|  0%| F|  |TAMS 0x00000007caa00000, 0x00000007caa00000| Untracked 
| 171|0x00000007cab00000, 0x00000007cab00000, 0x00000007cac00000|  0%| F|  |TAMS 0x00000007cab00000, 0x00000007cab00000| Untracked 
| 172|0x00000007cac00000, 0x00000007cac00000, 0x00000007cad00000|  0%| F|  |TAMS 0x00000007cac00000, 0x00000007cac00000| Untracked 
| 173|0x00000007cad00000, 0x00000007cad00000, 0x00000007cae00000|  0%| F|  |TAMS 0x00000007cad00000, 0x00000007cad00000| Untracked 
| 174|0x00000007cae00000, 0x00000007cae00000, 0x00000007caf00000|  0%| F|  |TAMS 0x00000007cae00000, 0x00000007cae00000| Untracked 
| 175|0x00000007caf00000, 0x00000007caf00000, 0x00000007cb000000|  0%| F|  |TAMS 0x00000007caf00000, 0x00000007caf00000| Untracked 
| 176|0x00000007cb000000, 0x00000007cb000000, 0x00000007cb100000|  0%| F|  |TAMS 0x00000007cb000000, 0x00000007cb000000| Untracked 
| 177|0x00000007cb100000, 0x00000007cb100000, 0x00000007cb200000|  0%| F|  |TAMS 0x00000007cb100000, 0x00000007cb100000| Untracked 
| 178|0x00000007cb200000, 0x00000007cb200000, 0x00000007cb300000|  0%| F|  |TAMS 0x00000007cb200000, 0x00000007cb200000| Untracked 
| 179|0x00000007cb300000, 0x00000007cb300000, 0x00000007cb400000|  0%| F|  |TAMS 0x00000007cb300000, 0x00000007cb300000| Untracked 
| 180|0x00000007cb400000, 0x00000007cb500000, 0x00000007cb500000|100%| O|  |TAMS 0x00000007cb500000, 0x00000007cb500000| Untracked 
| 181|0x00000007cb500000, 0x00000007cb500000, 0x00000007cb600000|  0%| F|  |TAMS 0x00000007cb500000, 0x00000007cb500000| Untracked 
| 182|0x00000007cb600000, 0x00000007cb600000, 0x00000007cb700000|  0%| F|  |TAMS 0x00000007cb600000, 0x00000007cb600000| Untracked 
| 183|0x00000007cb700000, 0x00000007cb700000, 0x00000007cb800000|  0%| F|  |TAMS 0x00000007cb700000, 0x00000007cb700000| Untracked 
| 184|0x00000007cb800000, 0x00000007cb800000, 0x00000007cb900000|  0%| F|  |TAMS 0x00000007cb800000, 0x00000007cb800000| Untracked 
| 185|0x00000007cb900000, 0x00000007cb900000, 0x00000007cba00000|  0%| F|  |TAMS 0x00000007cb900000, 0x00000007cb900000| Untracked 
| 186|0x00000007cba00000, 0x00000007cba00000, 0x00000007cbb00000|  0%| F|  |TAMS 0x00000007cba00000, 0x00000007cba00000| Untracked 
| 187|0x00000007cbb00000, 0x00000007cbb00000, 0x00000007cbc00000|  0%| F|  |TAMS 0x00000007cbb00000, 0x00000007cbb00000| Untracked 
| 188|0x00000007cbc00000, 0x00000007cbc00000, 0x00000007cbd00000|  0%| F|  |TAMS 0x00000007cbc00000, 0x00000007cbc00000| Untracked 
| 189|0x00000007cbd00000, 0x00000007cbe00000, 0x00000007cbe00000|100%| O|  |TAMS 0x00000007cbe00000, 0x00000007cbe00000| Untracked 
| 190|0x00000007cbe00000, 0x00000007cbe00000, 0x00000007cbf00000|  0%| F|  |TAMS 0x00000007cbe00000, 0x00000007cbe00000| Untracked 
| 191|0x00000007cbf00000, 0x00000007cbf00000, 0x00000007cc000000|  0%| F|  |TAMS 0x00000007cbf00000, 0x00000007cbf00000| Untracked 
| 192|0x00000007cc000000, 0x00000007cc000000, 0x00000007cc100000|  0%| F|  |TAMS 0x00000007cc000000, 0x00000007cc000000| Untracked 
| 193|0x00000007cc100000, 0x00000007cc100000, 0x00000007cc200000|  0%| F|  |TAMS 0x00000007cc100000, 0x00000007cc100000| Untracked 
| 194|0x00000007cc200000, 0x00000007cc200000, 0x00000007cc300000|  0%| F|  |TAMS 0x00000007cc200000, 0x00000007cc200000| Untracked 
| 195|0x00000007cc300000, 0x00000007cc300000, 0x00000007cc400000|  0%| F|  |TAMS 0x00000007cc300000, 0x00000007cc300000| Untracked 
| 196|0x00000007cc400000, 0x00000007cc400000, 0x00000007cc500000|  0%| F|  |TAMS 0x00000007cc400000, 0x00000007cc400000| Untracked 
| 197|0x00000007cc500000, 0x00000007cc500000, 0x00000007cc600000|  0%| F|  |TAMS 0x00000007cc500000, 0x00000007cc500000| Untracked 
| 198|0x00000007cc600000, 0x00000007cc600000, 0x00000007cc700000|  0%| F|  |TAMS 0x00000007cc600000, 0x00000007cc600000| Untracked 
| 199|0x00000007cc700000, 0x00000007cc700000, 0x00000007cc800000|  0%| F|  |TAMS 0x00000007cc700000, 0x00000007cc700000| Untracked 
| 200|0x00000007cc800000, 0x00000007cc800000, 0x00000007cc900000|  0%| F|  |TAMS 0x00000007cc800000, 0x00000007cc800000| Untracked 
| 201|0x00000007cc900000, 0x00000007cc900000, 0x00000007cca00000|  0%| F|  |TAMS 0x00000007cc900000, 0x00000007cc900000| Untracked 
| 202|0x00000007cca00000, 0x00000007cca00000, 0x00000007ccb00000|  0%| F|  |TAMS 0x00000007cca00000, 0x00000007cca00000| Untracked 
| 203|0x00000007ccb00000, 0x00000007ccb00000, 0x00000007ccc00000|  0%| F|  |TAMS 0x00000007ccb00000, 0x00000007ccb00000| Untracked 
| 204|0x00000007ccc00000, 0x00000007ccc00000, 0x00000007ccd00000|  0%| F|  |TAMS 0x00000007ccc00000, 0x00000007ccc00000| Untracked 
| 205|0x00000007ccd00000, 0x00000007ccd00000, 0x00000007cce00000|  0%| F|  |TAMS 0x00000007ccd00000, 0x00000007ccd00000| Untracked 
| 206|0x00000007cce00000, 0x00000007cce00000, 0x00000007ccf00000|  0%| F|  |TAMS 0x00000007cce00000, 0x00000007cce00000| Untracked 
| 207|0x00000007ccf00000, 0x00000007ccf00000, 0x00000007cd000000|  0%| F|  |TAMS 0x00000007ccf00000, 0x00000007ccf00000| Untracked 
| 208|0x00000007cd000000, 0x00000007cd000000, 0x00000007cd100000|  0%| F|  |TAMS 0x00000007cd000000, 0x00000007cd000000| Untracked 
| 209|0x00000007cd100000, 0x00000007cd200000, 0x00000007cd200000|100%| O|  |TAMS 0x00000007cd200000, 0x00000007cd200000| Untracked 
| 210|0x00000007cd200000, 0x00000007cd200000, 0x00000007cd300000|  0%| F|  |TAMS 0x00000007cd200000, 0x00000007cd200000| Untracked 
| 211|0x00000007cd300000, 0x00000007cd300000, 0x00000007cd400000|  0%| F|  |TAMS 0x00000007cd300000, 0x00000007cd300000| Untracked 
| 212|0x00000007cd400000, 0x00000007cd400000, 0x00000007cd500000|  0%| F|  |TAMS 0x00000007cd400000, 0x00000007cd400000| Untracked 
| 213|0x00000007cd500000, 0x00000007cd500000, 0x00000007cd600000|  0%| F|  |TAMS 0x00000007cd500000, 0x00000007cd500000| Untracked 
| 214|0x00000007cd600000, 0x00000007cd600000, 0x00000007cd700000|  0%| F|  |TAMS 0x00000007cd600000, 0x00000007cd600000| Untracked 
| 215|0x00000007cd700000, 0x00000007cd700000, 0x00000007cd800000|  0%| F|  |TAMS 0x00000007cd700000, 0x00000007cd700000| Untracked 
| 216|0x00000007cd800000, 0x00000007cd800000, 0x00000007cd900000|  0%| F|  |TAMS 0x00000007cd800000, 0x00000007cd800000| Untracked 
| 217|0x00000007cd900000, 0x00000007cd900000, 0x00000007cda00000|  0%| F|  |TAMS 0x00000007cd900000, 0x00000007cd900000| Untracked 
| 218|0x00000007cda00000, 0x00000007cda00000, 0x00000007cdb00000|  0%| F|  |TAMS 0x00000007cda00000, 0x00000007cda00000| Untracked 
| 219|0x00000007cdb00000, 0x00000007cdb00000, 0x00000007cdc00000|  0%| F|  |TAMS 0x00000007cdb00000, 0x00000007cdb00000| Untracked 
| 220|0x00000007cdc00000, 0x00000007cdc00000, 0x00000007cdd00000|  0%| F|  |TAMS 0x00000007cdc00000, 0x00000007cdc00000| Untracked 
| 221|0x00000007cdd00000, 0x00000007cdd00000, 0x00000007cde00000|  0%| F|  |TAMS 0x00000007cdd00000, 0x00000007cdd00000| Untracked 
| 222|0x00000007cde00000, 0x00000007cde00000, 0x00000007cdf00000|  0%| F|  |TAMS 0x00000007cde00000, 0x00000007cde00000| Untracked 
| 223|0x00000007cdf00000, 0x00000007cdf00000, 0x00000007ce000000|  0%| F|  |TAMS 0x00000007cdf00000, 0x00000007cdf00000| Untracked 
| 224|0x00000007ce000000, 0x00000007ce000000, 0x00000007ce100000|  0%| F|  |TAMS 0x00000007ce000000, 0x00000007ce000000| Untracked 
| 225|0x00000007ce100000, 0x00000007ce100000, 0x00000007ce200000|  0%| F|  |TAMS 0x00000007ce100000, 0x00000007ce100000| Untracked 
| 226|0x00000007ce200000, 0x00000007ce200000, 0x00000007ce300000|  0%| F|  |TAMS 0x00000007ce200000, 0x00000007ce200000| Untracked 
| 227|0x00000007ce300000, 0x00000007ce300000, 0x00000007ce400000|  0%| F|  |TAMS 0x00000007ce300000, 0x00000007ce300000| Untracked 
| 228|0x00000007ce400000, 0x00000007ce400000, 0x00000007ce500000|  0%| F|  |TAMS 0x00000007ce400000, 0x00000007ce400000| Untracked 
| 229|0x00000007ce500000, 0x00000007ce500000, 0x00000007ce600000|  0%| F|  |TAMS 0x00000007ce500000, 0x00000007ce500000| Untracked 
| 230|0x00000007ce600000, 0x00000007ce600000, 0x00000007ce700000|  0%| F|  |TAMS 0x00000007ce600000, 0x00000007ce600000| Untracked 
| 231|0x00000007ce700000, 0x00000007ce700000, 0x00000007ce800000|  0%| F|  |TAMS 0x00000007ce700000, 0x00000007ce700000| Untracked 
| 232|0x00000007ce800000, 0x00000007ce800000, 0x00000007ce900000|  0%| F|  |TAMS 0x00000007ce800000, 0x00000007ce800000| Untracked 
| 233|0x00000007ce900000, 0x00000007ce900000, 0x00000007cea00000|  0%| F|  |TAMS 0x00000007ce900000, 0x00000007ce900000| Untracked 
| 234|0x00000007cea00000, 0x00000007cea00000, 0x00000007ceb00000|  0%| F|  |TAMS 0x00000007cea00000, 0x00000007cea00000| Untracked 
| 235|0x00000007ceb00000, 0x00000007ceb00000, 0x00000007cec00000|  0%| F|  |TAMS 0x00000007ceb00000, 0x00000007ceb00000| Untracked 
| 236|0x00000007cec00000, 0x00000007cec00000, 0x00000007ced00000|  0%| F|  |TAMS 0x00000007cec00000, 0x00000007cec00000| Untracked 
| 237|0x00000007ced00000, 0x00000007ced00000, 0x00000007cee00000|  0%| F|  |TAMS 0x00000007ced00000, 0x00000007ced00000| Untracked 
| 238|0x00000007cee00000, 0x00000007cee00000, 0x00000007cef00000|  0%| F|  |TAMS 0x00000007cee00000, 0x00000007cee00000| Untracked 
| 239|0x00000007cef00000, 0x00000007cef00000, 0x00000007cf000000|  0%| F|  |TAMS 0x00000007cef00000, 0x00000007cef00000| Untracked 
| 240|0x00000007cf000000, 0x00000007cf000000, 0x00000007cf100000|  0%| F|  |TAMS 0x00000007cf000000, 0x00000007cf000000| Untracked 
| 241|0x00000007cf100000, 0x00000007cf100000, 0x00000007cf200000|  0%| F|  |TAMS 0x00000007cf100000, 0x00000007cf100000| Untracked 
| 242|0x00000007cf200000, 0x00000007cf200000, 0x00000007cf300000|  0%| F|  |TAMS 0x00000007cf200000, 0x00000007cf200000| Untracked 
| 243|0x00000007cf300000, 0x00000007cf300000, 0x00000007cf400000|  0%| F|  |TAMS 0x00000007cf300000, 0x00000007cf300000| Untracked 
| 244|0x00000007cf400000, 0x00000007cf400000, 0x00000007cf500000|  0%| F|  |TAMS 0x00000007cf400000, 0x00000007cf400000| Untracked 
| 245|0x00000007cf500000, 0x00000007cf500000, 0x00000007cf600000|  0%| F|  |TAMS 0x00000007cf500000, 0x00000007cf500000| Untracked 
| 246|0x00000007cf600000, 0x00000007cf600000, 0x00000007cf700000|  0%| F|  |TAMS 0x00000007cf600000, 0x00000007cf600000| Untracked 
| 247|0x00000007cf700000, 0x00000007cf700000, 0x00000007cf800000|  0%| F|  |TAMS 0x00000007cf700000, 0x00000007cf700000| Untracked 
| 248|0x00000007cf800000, 0x00000007cf800000, 0x00000007cf900000|  0%| F|  |TAMS 0x00000007cf800000, 0x00000007cf800000| Untracked 
| 249|0x00000007cf900000, 0x00000007cf900000, 0x00000007cfa00000|  0%| F|  |TAMS 0x00000007cf900000, 0x00000007cf900000| Untracked 
| 250|0x00000007cfa00000, 0x00000007cfa00000, 0x00000007cfb00000|  0%| F|  |TAMS 0x00000007cfa00000, 0x00000007cfa00000| Untracked 
| 251|0x00000007cfb00000, 0x00000007cfb00000, 0x00000007cfc00000|  0%| F|  |TAMS 0x00000007cfb00000, 0x00000007cfb00000| Untracked 
| 252|0x00000007cfc00000, 0x00000007cfc00000, 0x00000007cfd00000|  0%| F|  |TAMS 0x00000007cfc00000, 0x00000007cfc00000| Untracked 
| 253|0x00000007cfd00000, 0x00000007cfd00000, 0x00000007cfe00000|  0%| F|  |TAMS 0x00000007cfd00000, 0x00000007cfd00000| Untracked 
| 254|0x00000007cfe00000, 0x00000007cfe00000, 0x00000007cff00000|  0%| F|  |TAMS 0x00000007cfe00000, 0x00000007cfe00000| Untracked 
| 255|0x00000007cff00000, 0x00000007cff00000, 0x00000007d0000000|  0%| F|  |TAMS 0x00000007cff00000, 0x00000007cff00000| Untracked 
| 256|0x00000007d0000000, 0x00000007d0000000, 0x00000007d0100000|  0%| F|  |TAMS 0x00000007d0000000, 0x00000007d0000000| Untracked 
| 257|0x00000007d0100000, 0x00000007d0100000, 0x00000007d0200000|  0%| F|  |TAMS 0x00000007d0100000, 0x00000007d0100000| Untracked 
| 258|0x00000007d0200000, 0x00000007d0200000, 0x00000007d0300000|  0%| F|  |TAMS 0x00000007d0200000, 0x00000007d0200000| Untracked 
| 259|0x00000007d0300000, 0x00000007d0300000, 0x00000007d0400000|  0%| F|  |TAMS 0x00000007d0300000, 0x00000007d0300000| Untracked 
| 260|0x00000007d0400000, 0x00000007d0400000, 0x00000007d0500000|  0%| F|  |TAMS 0x00000007d0400000, 0x00000007d0400000| Untracked 
| 261|0x00000007d0500000, 0x00000007d0500000, 0x00000007d0600000|  0%| F|  |TAMS 0x00000007d0500000, 0x00000007d0500000| Untracked 
| 262|0x00000007d0600000, 0x00000007d0600000, 0x00000007d0700000|  0%| F|  |TAMS 0x00000007d0600000, 0x00000007d0600000| Untracked 
| 263|0x00000007d0700000, 0x00000007d0700000, 0x00000007d0800000|  0%| F|  |TAMS 0x00000007d0700000, 0x00000007d0700000| Untracked 
| 264|0x00000007d0800000, 0x00000007d0800000, 0x00000007d0900000|  0%| F|  |TAMS 0x00000007d0800000, 0x00000007d0800000| Untracked 
| 265|0x00000007d0900000, 0x00000007d0900000, 0x00000007d0a00000|  0%| F|  |TAMS 0x00000007d0900000, 0x00000007d0900000| Untracked 
| 266|0x00000007d0a00000, 0x00000007d0a00000, 0x00000007d0b00000|  0%| F|  |TAMS 0x00000007d0a00000, 0x00000007d0a00000| Untracked 
| 267|0x00000007d0b00000, 0x00000007d0b00000, 0x00000007d0c00000|  0%| F|  |TAMS 0x00000007d0b00000, 0x00000007d0b00000| Untracked 
| 268|0x00000007d0c00000, 0x00000007d0c00000, 0x00000007d0d00000|  0%| F|  |TAMS 0x00000007d0c00000, 0x00000007d0c00000| Untracked 
| 269|0x00000007d0d00000, 0x00000007d0d00000, 0x00000007d0e00000|  0%| F|  |TAMS 0x00000007d0d00000, 0x00000007d0d00000| Untracked 
| 270|0x00000007d0e00000, 0x00000007d0e00000, 0x00000007d0f00000|  0%| F|  |TAMS 0x00000007d0e00000, 0x00000007d0e00000| Untracked 
| 271|0x00000007d0f00000, 0x00000007d0f00000, 0x00000007d1000000|  0%| F|  |TAMS 0x00000007d0f00000, 0x00000007d0f00000| Untracked 
| 272|0x00000007d1000000, 0x00000007d1000000, 0x00000007d1100000|  0%| F|  |TAMS 0x00000007d1000000, 0x00000007d1000000| Untracked 
| 273|0x00000007d1100000, 0x00000007d1100000, 0x00000007d1200000|  0%| F|  |TAMS 0x00000007d1100000, 0x00000007d1100000| Untracked 
| 274|0x00000007d1200000, 0x00000007d1200000, 0x00000007d1300000|  0%| F|  |TAMS 0x00000007d1200000, 0x00000007d1200000| Untracked 
| 275|0x00000007d1300000, 0x00000007d1300000, 0x00000007d1400000|  0%| F|  |TAMS 0x00000007d1300000, 0x00000007d1300000| Untracked 
| 276|0x00000007d1400000, 0x00000007d1400000, 0x00000007d1500000|  0%| F|  |TAMS 0x00000007d1400000, 0x00000007d1400000| Untracked 
| 277|0x00000007d1500000, 0x00000007d1500000, 0x00000007d1600000|  0%| F|  |TAMS 0x00000007d1500000, 0x00000007d1500000| Untracked 
| 278|0x00000007d1600000, 0x00000007d1600000, 0x00000007d1700000|  0%| F|  |TAMS 0x00000007d1600000, 0x00000007d1600000| Untracked 
| 279|0x00000007d1700000, 0x00000007d1700000, 0x00000007d1800000|  0%| F|  |TAMS 0x00000007d1700000, 0x00000007d1700000| Untracked 
| 280|0x00000007d1800000, 0x00000007d1800000, 0x00000007d1900000|  0%| F|  |TAMS 0x00000007d1800000, 0x00000007d1800000| Untracked 
| 281|0x00000007d1900000, 0x00000007d1900000, 0x00000007d1a00000|  0%| F|  |TAMS 0x00000007d1900000, 0x00000007d1900000| Untracked 
| 282|0x00000007d1a00000, 0x00000007d1a00000, 0x00000007d1b00000|  0%| F|  |TAMS 0x00000007d1a00000, 0x00000007d1a00000| Untracked 
| 283|0x00000007d1b00000, 0x00000007d1b00000, 0x00000007d1c00000|  0%| F|  |TAMS 0x00000007d1b00000, 0x00000007d1b00000| Untracked 
| 284|0x00000007d1c00000, 0x00000007d1c00000, 0x00000007d1d00000|  0%| F|  |TAMS 0x00000007d1c00000, 0x00000007d1c00000| Untracked 
| 285|0x00000007d1d00000, 0x00000007d1d00000, 0x00000007d1e00000|  0%| F|  |TAMS 0x00000007d1d00000, 0x00000007d1d00000| Untracked 
| 286|0x00000007d1e00000, 0x00000007d1e00000, 0x00000007d1f00000|  0%| F|  |TAMS 0x00000007d1e00000, 0x00000007d1e00000| Untracked 
| 287|0x00000007d1f00000, 0x00000007d1f00000, 0x00000007d2000000|  0%| F|  |TAMS 0x00000007d1f00000, 0x00000007d1f00000| Untracked 
| 288|0x00000007d2000000, 0x00000007d2000000, 0x00000007d2100000|  0%| F|  |TAMS 0x00000007d2000000, 0x00000007d2000000| Untracked 
| 289|0x00000007d2100000, 0x00000007d21dbec0, 0x00000007d2200000| 85%| S|CS|TAMS 0x00000007d2100000, 0x00000007d2100000| Complete 
| 290|0x00000007d2200000, 0x00000007d2300000, 0x00000007d2300000|100%| S|CS|TAMS 0x00000007d2200000, 0x00000007d2200000| Complete 
| 291|0x00000007d2300000, 0x00000007d2300000, 0x00000007d2400000|  0%| F|  |TAMS 0x00000007d2300000, 0x00000007d2300000| Untracked 
| 292|0x00000007d2400000, 0x00000007d2400000, 0x00000007d2500000|  0%| F|  |TAMS 0x00000007d2400000, 0x00000007d2400000| Untracked 
| 293|0x00000007d2500000, 0x00000007d2500000, 0x00000007d2600000|  0%| F|  |TAMS 0x00000007d2500000, 0x00000007d2500000| Untracked 
| 294|0x00000007d2600000, 0x00000007d2600000, 0x00000007d2700000|  0%| F|  |TAMS 0x00000007d2600000, 0x00000007d2600000| Untracked 
| 295|0x00000007d2700000, 0x00000007d2700000, 0x00000007d2800000|  0%| F|  |TAMS 0x00000007d2700000, 0x00000007d2700000| Untracked 
| 296|0x00000007d2800000, 0x00000007d2800000, 0x00000007d2900000|  0%| F|  |TAMS 0x00000007d2800000, 0x00000007d2800000| Untracked 
| 297|0x00000007d2900000, 0x00000007d2900000, 0x00000007d2a00000|  0%| F|  |TAMS 0x00000007d2900000, 0x00000007d2900000| Untracked 
| 298|0x00000007d2a00000, 0x00000007d2a00000, 0x00000007d2b00000|  0%| F|  |TAMS 0x00000007d2a00000, 0x00000007d2a00000| Untracked 
| 299|0x00000007d2b00000, 0x00000007d2b00000, 0x00000007d2c00000|  0%| F|  |TAMS 0x00000007d2b00000, 0x00000007d2b00000| Untracked 
| 300|0x00000007d2c00000, 0x00000007d2c00000, 0x00000007d2d00000|  0%| F|  |TAMS 0x00000007d2c00000, 0x00000007d2c00000| Untracked 
| 301|0x00000007d2d00000, 0x00000007d2d00000, 0x00000007d2e00000|  0%| F|  |TAMS 0x00000007d2d00000, 0x00000007d2d00000| Untracked 
| 302|0x00000007d2e00000, 0x00000007d2e00000, 0x00000007d2f00000|  0%| F|  |TAMS 0x00000007d2e00000, 0x00000007d2e00000| Untracked 
| 303|0x00000007d2f00000, 0x00000007d2f00000, 0x00000007d3000000|  0%| F|  |TAMS 0x00000007d2f00000, 0x00000007d2f00000| Untracked 
| 304|0x00000007d3000000, 0x00000007d3000000, 0x00000007d3100000|  0%| F|  |TAMS 0x00000007d3000000, 0x00000007d3000000| Untracked 
| 305|0x00000007d3100000, 0x00000007d3100000, 0x00000007d3200000|  0%| F|  |TAMS 0x00000007d3100000, 0x00000007d3100000| Untracked 
| 306|0x00000007d3200000, 0x00000007d3200000, 0x00000007d3300000|  0%| F|  |TAMS 0x00000007d3200000, 0x00000007d3200000| Untracked 
| 307|0x00000007d3300000, 0x00000007d3300000, 0x00000007d3400000|  0%| F|  |TAMS 0x00000007d3300000, 0x00000007d3300000| Untracked 
| 308|0x00000007d3400000, 0x00000007d3400000, 0x00000007d3500000|  0%| F|  |TAMS 0x00000007d3400000, 0x00000007d3400000| Untracked 
| 309|0x00000007d3500000, 0x00000007d3500000, 0x00000007d3600000|  0%| F|  |TAMS 0x00000007d3500000, 0x00000007d3500000| Untracked 
| 310|0x00000007d3600000, 0x00000007d3600000, 0x00000007d3700000|  0%| F|  |TAMS 0x00000007d3600000, 0x00000007d3600000| Untracked 
| 311|0x00000007d3700000, 0x00000007d3700000, 0x00000007d3800000|  0%| F|  |TAMS 0x00000007d3700000, 0x00000007d3700000| Untracked 
| 312|0x00000007d3800000, 0x00000007d3800000, 0x00000007d3900000|  0%| F|  |TAMS 0x00000007d3800000, 0x00000007d3800000| Untracked 
| 313|0x00000007d3900000, 0x00000007d3900000, 0x00000007d3a00000|  0%| F|  |TAMS 0x00000007d3900000, 0x00000007d3900000| Untracked 
| 314|0x00000007d3a00000, 0x00000007d3a00000, 0x00000007d3b00000|  0%| F|  |TAMS 0x00000007d3a00000, 0x00000007d3a00000| Untracked 
| 315|0x00000007d3b00000, 0x00000007d3b00000, 0x00000007d3c00000|  0%| F|  |TAMS 0x00000007d3b00000, 0x00000007d3b00000| Untracked 
| 316|0x00000007d3c00000, 0x00000007d3c00000, 0x00000007d3d00000|  0%| F|  |TAMS 0x00000007d3c00000, 0x00000007d3c00000| Untracked 
| 317|0x00000007d3d00000, 0x00000007d3d00000, 0x00000007d3e00000|  0%| F|  |TAMS 0x00000007d3d00000, 0x00000007d3d00000| Untracked 
| 318|0x00000007d3e00000, 0x00000007d3e00000, 0x00000007d3f00000|  0%| F|  |TAMS 0x00000007d3e00000, 0x00000007d3e00000| Untracked 
| 319|0x00000007d3f00000, 0x00000007d3f00000, 0x00000007d4000000|  0%| F|  |TAMS 0x00000007d3f00000, 0x00000007d3f00000| Untracked 
| 320|0x00000007d4000000, 0x00000007d4000000, 0x00000007d4100000|  0%| F|  |TAMS 0x00000007d4000000, 0x00000007d4000000| Untracked 
| 321|0x00000007d4100000, 0x00000007d4100000, 0x00000007d4200000|  0%| F|  |TAMS 0x00000007d4100000, 0x00000007d4100000| Untracked 
| 322|0x00000007d4200000, 0x00000007d4200000, 0x00000007d4300000|  0%| F|  |TAMS 0x00000007d4200000, 0x00000007d4200000| Untracked 
| 323|0x00000007d4300000, 0x00000007d4300000, 0x00000007d4400000|  0%| F|  |TAMS 0x00000007d4300000, 0x00000007d4300000| Untracked 
| 324|0x00000007d4400000, 0x00000007d4400000, 0x00000007d4500000|  0%| F|  |TAMS 0x00000007d4400000, 0x00000007d4400000| Untracked 
| 325|0x00000007d4500000, 0x00000007d4500000, 0x00000007d4600000|  0%| F|  |TAMS 0x00000007d4500000, 0x00000007d4500000| Untracked 
| 326|0x00000007d4600000, 0x00000007d4662680, 0x00000007d4700000| 38%| E|  |TAMS 0x00000007d4600000, 0x00000007d4600000| Complete 
| 327|0x00000007d4700000, 0x00000007d4800000, 0x00000007d4800000|100%| E|  |TAMS 0x00000007d4700000, 0x00000007d4700000| Complete 

Card table byte_map: [0x000000011f2c1000,0x000000011f4c1000] _byte_map_base: 0x000000011b4c1000

Marking Bits (Prev, Next): (CMBitMap*) 0x00007f9a3c822a18, (CMBitMap*) 0x00007f9a3c822a50
 Prev Bits: [0x000000011f6c1000, 0x00000001206c1000)
 Next Bits: [0x00000001206c1000, 0x00000001216c1000)

Polling page: 0x0000000105fd9000

Metaspace:

Usage:
  Non-class:     57.74 MB capacity,    55.79 MB ( 97%) used,     1.83 MB (  3%) free+waste,   118.19 KB ( <1%) overhead. 
      Class:      7.04 MB capacity,     6.08 MB ( 86%) used,   931.13 KB ( 13%) free+waste,    52.38 KB ( <1%) overhead. 
       Both:     64.78 MB capacity,    61.87 MB ( 96%) used,     2.74 MB (  4%) free+waste,   170.56 KB ( <1%) overhead. 

Virtual space:
  Non-class space:       60.00 MB reserved,      58.08 MB ( 97%) committed 
      Class space:        1.00 GB reserved,       7.12 MB ( <1%) committed 
             Both:        1.06 GB reserved,      65.20 MB (  6%) committed 

Chunk freelists:
   Non-Class:  28.75 KB
       Class:  2.75 KB
        Both:  31.50 KB

CodeHeap 'non-profiled nmethods': size=120032Kb used=6319Kb max_used=6319Kb free=113713Kb
 bounds [0x0000000117a89000, 0x00000001180b9000, 0x000000011efc1000]
CodeHeap 'profiled nmethods': size=120032Kb used=22130Kb max_used=22130Kb free=97901Kb
 bounds [0x0000000110551000, 0x0000000111b11000, 0x0000000117a89000]
CodeHeap 'non-nmethods': size=5696Kb used=1265Kb max_used=1331Kb free=4430Kb
 bounds [0x000000010ffc1000, 0x0000000110231000, 0x0000000110551000]
 total_blobs=13007 nmethods=8316 adapters=567
 compilation: enabled
              stopped_count=0, restarted_count=0
 full_count=0

Compilation events (10 events):
Event: 904.240 Thread 0x00007f9a401de000 9866       4       org.eclipse.jdt.internal.compiler.lookup.LookupEnvironment::getCachedType (90 bytes)
Event: 904.241 Thread 0x00007f9a3b876000 nmethod 9868 0x0000000111b05c10 code [0x0000000111b05f20, 0x0000000111b07708]
Event: 904.309 Thread 0x00007f9a3b876000 9869       3       org.eclipse.jdt.internal.codeassist.CompletionEngine::checkCancel (28 bytes)
Event: 904.310 Thread 0x00007f9a3b876000 nmethod 9869 0x0000000111b07b90 code [0x0000000111b07d60, 0x0000000111b080d8]
Event: 904.316 Thread 0x00007f9a3b876000 9873       3       org.eclipse.jdt.core.compiler.CharOperation::substringMatch (23 bytes)
Event: 904.316 Thread 0x00007f9a3b876000 nmethod 9873 0x0000000111b08210 code [0x0000000111b083e0, 0x0000000111b08628]
Event: 904.316 Thread 0x00007f9a3b876000 9874       3       org.eclipse.jdt.core.Signature::getSignatureSimpleName (184 bytes)
Event: 904.317 Thread 0x00007f9a3b876000 nmethod 9874 0x0000000111b08710 code [0x0000000111b08920, 0x0000000111b08f98]
Event: 904.373 Thread 0x00007f9a3b876000 9878       3       org.eclipse.text.edits.TextEdit::<init> (37 bytes)
Event: 904.374 Thread 0x00007f9a3b876000 nmethod 9878 0x0000000111b09190 code [0x0000000111b093e0, 0x0000000111b09b88]

GC Heap History (10 events):
Event: 826.134 GC heap before
{Heap before GC invocations=40 (full 0):
 garbage-first heap   total 335872K, used 70794K [0x00000007c0000000, 0x0000000800000000)
  region size 1024K, 16 young (16384K), 3 survivors (3072K)
 Metaspace       used 61114K, capacity 64168K, committed 64464K, reserved 1107968K
  class space    used 6077K, capacity 7003K, committed 7040K, reserved 1048576K
}
Event: 826.142 GC heap after
{Heap after GC invocations=41 (full 0):
 garbage-first heap   total 335872K, used 56709K [0x00000007c0000000, 0x0000000800000000)
  region size 1024K, 1 young (1024K), 1 survivors (1024K)
 Metaspace       used 61114K, capacity 64168K, committed 64464K, reserved 1107968K
  class space    used 6077K, capacity 7003K, committed 7040K, reserved 1048576K
}
Event: 843.032 GC heap before
{Heap before GC invocations=41 (full 0):
 garbage-first heap   total 335872K, used 127365K [0x00000007c0000000, 0x0000000800000000)
  region size 1024K, 72 young (73728K), 1 survivors (1024K)
 Metaspace       used 61313K, capacity 64298K, committed 64720K, reserved 1107968K
  class space    used 6079K, capacity 7003K, committed 7040K, reserved 1048576K
}
Event: 843.039 GC heap after
{Heap after GC invocations=42 (full 0):
 garbage-first heap   total 335872K, used 58435K [0x00000007c0000000, 0x0000000800000000)
  region size 1024K, 3 young (3072K), 3 survivors (3072K)
 Metaspace       used 61313K, capacity 64298K, committed 64720K, reserved 1107968K
  class space    used 6079K, capacity 7003K, committed 7040K, reserved 1048576K
}
Event: 888.042 GC heap before
{Heap before GC invocations=43 (full 0):
 garbage-first heap   total 335872K, used 283715K [0x00000007c0000000, 0x0000000800000000)
  region size 1024K, 196 young (200704K), 3 survivors (3072K)
 Metaspace       used 63254K, capacity 66203K, committed 66512K, reserved 1107968K
  class space    used 6225K, capacity 7210K, committed 7296K, reserved 1048576K
}
Event: 888.050 GC heap after
{Heap after GC invocations=44 (full 0):
 garbage-first heap   total 335872K, used 58369K [0x00000007c0000000, 0x0000000800000000)
  region size 1024K, 3 young (3072K), 3 survivors (3072K)
 Metaspace       used 63254K, capacity 66203K, committed 66512K, reserved 1107968K
  class space    used 6225K, capacity 7210K, committed 7296K, reserved 1048576K
}
Event: 889.795 GC heap before
{Heap before GC invocations=44 (full 0):
 garbage-first heap   total 335872K, used 71681K [0x00000007c0000000, 0x0000000800000000)
  region size 1024K, 16 young (16384K), 3 survivors (3072K)
 Metaspace       used 63300K, capacity 66267K, committed 66768K, reserved 1110016K
  class space    used 6225K, capacity 7210K, committed 7296K, reserved 1048576K
}
Event: 889.803 GC heap after
{Heap after GC invocations=45 (full 0):
 garbage-first heap   total 335872K, used 57385K [0x00000007c0000000, 0x0000000800000000)
  region size 1024K, 1 young (1024K), 1 survivors (1024K)
 Metaspace       used 63300K, capacity 66267K, committed 66768K, reserved 1110016K
  class space    used 6225K, capacity 7210K, committed 7296K, reserved 1048576K
}
Event: 904.348 GC heap before
{Heap before GC invocations=45 (full 0):
 garbage-first heap   total 335872K, used 93225K [0x00000007c0000000, 0x0000000800000000)
  region size 1024K, 37 young (37888K), 1 survivors (1024K)
 Metaspace       used 63357K, capacity 66332K, committed 66768K, reserved 1110016K
  class space    used 6226K, capacity 7210K, committed 7296K, reserved 1048576K
}
Event: 904.357 GC heap after
{Heap after GC invocations=46 (full 0):
 garbage-first heap   total 335872K, used 58440K [0x00000007c0000000, 0x0000000800000000)
  region size 1024K, 2 young (2048K), 2 survivors (2048K)
 Metaspace       used 63357K, capacity 66332K, committed 66768K, reserved 1110016K
  class space    used 6226K, capacity 7210K, committed 7296K, reserved 1048576K
}

Deoptimization events (10 events):
Event: 878.691 Thread 0x00007f9a41c8e800 Uncommon trap: reason=unstable_if action=reinterpret pc=0x0000000117bf7bd0 method=java.lang.AbstractStringBuilder.appendChars(Ljava/lang/CharSequence;II)V @ 43 c2
Event: 878.691 Thread 0x00007f9a41c8e800 Uncommon trap: reason=unstable_if action=reinterpret pc=0x0000000117e099d0 method=java.net.URI.match(CJJ)Z @ 32 c2
Event: 878.692 Thread 0x00007f9a41c8e800 Uncommon trap: reason=unstable_if action=reinterpret pc=0x0000000117df5898 method=java.net.URI.match(CJJ)Z @ 32 c2
Event: 881.076 Thread 0x00007f9a40a60000 Uncommon trap: reason=unstable_if action=reinterpret pc=0x0000000117d48810 method=org.eclipse.jdt.internal.compiler.parser.ScannerHelper.isWhitespace(C)Z @ 14 c2
Event: 886.434 Thread 0x00007f9a3c351000 Uncommon trap: reason=unstable_if action=reinterpret pc=0x0000000117cff230 method=org.eclipse.jdt.internal.compiler.parser.diagnose.DiagnoseParser.misspell(II)I @ 240 c2
Event: 888.021 Thread 0x00007f9a413a0800 Uncommon trap: reason=unstable_if action=reinterpret pc=0x0000000117d36a10 method=org.eclipse.jdt.internal.core.SourceMethod.hashCode()I @ 35 c2
Event: 888.033 Thread 0x00007f9a413a0800 Uncommon trap: reason=unstable_if action=reinterpret pc=0x0000000117c34070 method=org.eclipse.jdt.internal.core.util.Util.equalArraysOrNull([Ljava/lang/Object;[Ljava/lang/Object;)Z @ 23 c2
Event: 888.034 Thread 0x00007f9a413a0800 Uncommon trap: reason=class_check action=maybe_recompile pc=0x0000000118027820 method=org.eclipse.jdt.internal.compiler.parser.Parser.consumeRule(I)V @ 4136 c2
Event: 888.050 Thread 0x00007f9a413a0800 Uncommon trap: reason=class_check action=maybe_recompile pc=0x0000000118027820 method=org.eclipse.jdt.internal.compiler.parser.Parser.consumeRule(I)V @ 4136 c2
Event: 904.316 Thread 0x00007f9a414c3000 Uncommon trap: reason=unstable_if action=reinterpret pc=0x0000000117c9d748 method=org.eclipse.jdt.ls.core.internal.contentassist.CompletionProposalRequestor.mapKind(I)Lorg/eclipse/lsp4j/CompletionItemKind; @ 1 c2

Classes redefined (0 events):
No events

Internal exceptions (10 events):
Event: 880.964 Thread 0x00007f9a414c2000 Exception <a 'java/lang/ArrayIndexOutOfBoundsException'{0x00000007ca9742f8}> (0x00000007ca9742f8) thrown at [/scratch/mesos/slaves/83bb4d84-382c-4ead-b585-d8ef0018fefe-S19389/frameworks/1735e8a2-a1db-478c-8104-60c8b0af87dd-0196/executors/f5e15d85-8890-4c2
Event: 880.964 Thread 0x00007f9a414c2000 Exception <a 'java/lang/ArrayIndexOutOfBoundsException'{0x00000007ca9746b8}> (0x00000007ca9746b8) thrown at [/scratch/mesos/slaves/83bb4d84-382c-4ead-b585-d8ef0018fefe-S19389/frameworks/1735e8a2-a1db-478c-8104-60c8b0af87dd-0196/executors/f5e15d85-8890-4c2
Event: 880.964 Thread 0x00007f9a414c2000 Exception <a 'java/lang/ArrayIndexOutOfBoundsException'{0x00000007ca974a28}> (0x00000007ca974a28) thrown at [/scratch/mesos/slaves/83bb4d84-382c-4ead-b585-d8ef0018fefe-S19389/frameworks/1735e8a2-a1db-478c-8104-60c8b0af87dd-0196/executors/f5e15d85-8890-4c2
Event: 881.133 Thread 0x00007f9a40a60000 Exception <a 'java/lang/ClassNotFoundException'{0x00000007c9671c08}: sun/net/www/protocol/jdt/Handler> (0x00000007c9671c08) thrown at [/scratch/mesos/slaves/83bb4d84-382c-4ead-b585-d8ef0018fefe-S19389/frameworks/1735e8a2-a1db-478c-8104-60c8b0af87dd-0196/e
Event: 881.134 Thread 0x00007f9a40a60000 Exception <a 'java/lang/ClassNotFoundException'{0x00000007c9673d78}: sun/net/www/protocol/jdt/Handler> (0x00000007c9673d78) thrown at [/scratch/mesos/slaves/83bb4d84-382c-4ead-b585-d8ef0018fefe-S19389/frameworks/1735e8a2-a1db-478c-8104-60c8b0af87dd-0196/e
Event: 888.135 Thread 0x00007f9a414c2000 Exception <a 'java/lang/ArrayIndexOutOfBoundsException'{0x00000007d4345f90}> (0x00000007d4345f90) thrown at [/scratch/mesos/slaves/83bb4d84-382c-4ead-b585-d8ef0018fefe-S19389/frameworks/1735e8a2-a1db-478c-8104-60c8b0af87dd-0196/executors/f5e15d85-8890-4c2
Event: 904.227 Thread 0x00007f9a414c3000 Exception <a 'java/lang/ArrayIndexOutOfBoundsException'{0x00000007d3be9f28}> (0x00000007d3be9f28) thrown at [/scratch/mesos/slaves/83bb4d84-382c-4ead-b585-d8ef0018fefe-S19389/frameworks/1735e8a2-a1db-478c-8104-60c8b0af87dd-0196/executors/f5e15d85-8890-4c2
Event: 904.233 Thread 0x00007f9a414c3000 Exception <a 'java/lang/ArrayIndexOutOfBoundsException'{0x00000007d39eb1f8}> (0x00000007d39eb1f8) thrown at [/scratch/mesos/slaves/83bb4d84-382c-4ead-b585-d8ef0018fefe-S19389/frameworks/1735e8a2-a1db-478c-8104-60c8b0af87dd-0196/executors/f5e15d85-8890-4c2
Event: 904.233 Thread 0x00007f9a414c3000 Exception <a 'java/lang/ArrayIndexOutOfBoundsException'{0x00000007d39ec508}> (0x00000007d39ec508) thrown at [/scratch/mesos/slaves/83bb4d84-382c-4ead-b585-d8ef0018fefe-S19389/frameworks/1735e8a2-a1db-478c-8104-60c8b0af87dd-0196/executors/f5e15d85-8890-4c2
Event: 904.233 Thread 0x00007f9a414c3000 Exception <a 'java/lang/ArrayIndexOutOfBoundsException'{0x00000007d39ec828}> (0x00000007d39ec828) thrown at [/scratch/mesos/slaves/83bb4d84-382c-4ead-b585-d8ef0018fefe-S19389/frameworks/1735e8a2-a1db-478c-8104-60c8b0af87dd-0196/executors/f5e15d85-8890-4c2

Events (10 events):
Event: 889.935 Executing VM operation: RevokeBias done
Event: 904.239 Thread 0x00007f9a401de000 Thread added: 0x00007f9a401de000
Event: 904.271 Thread 0x00007f9a414c3000 DEOPT PACKING pc=0x00000001111536a7 sp=0x00007000088ed3f0
Event: 904.271 Thread 0x00007f9a414c3000 DEOPT UNPACKING pc=0x000000010ffe973a sp=0x00007000088ec9d0 mode 0
Event: 904.316 Thread 0x00007f9a414c3000 Uncommon trap: trap_request=0xffffff4d fr.pc=0x0000000117c9d748 relative=0x00000000000000a8
Event: 904.316 Thread 0x00007f9a414c3000 DEOPT PACKING pc=0x0000000117c9d748 sp=0x00007000088ee060
Event: 904.316 Thread 0x00007f9a414c3000 DEOPT UNPACKING pc=0x000000010ffe9925 sp=0x00007000088ee000 mode 2
Event: 904.348 Executing VM operation: G1CollectForAllocation
Event: 904.357 Executing VM operation: G1CollectForAllocation done
Event: 904.488 Executing VM operation: CGC_Operation


Dynamic libraries:
0x00007fff2c17c000 	/System/Library/Frameworks/Cocoa.framework/Versions/A/Cocoa
0x00007fff387bd000 	/System/Library/Frameworks/Security.framework/Versions/A/Security
0x00007fff2adbe000 	/System/Library/Frameworks/ApplicationServices.framework/Versions/A/ApplicationServices
0x00007fff5467c000 	/usr/lib/libz.1.dylib
0x00007fff5252e000 	/usr/lib/libSystem.B.dylib
0x00007fff2c93d000 	/System/Library/Frameworks/CoreFoundation.framework/Versions/A/CoreFoundation
0x00007fff2eab5000 	/System/Library/Frameworks/Foundation.framework/Versions/C/Foundation
0x00007fff53c69000 	/usr/lib/libobjc.A.dylib
0x00007fff29f0e000 	/System/Library/Frameworks/AppKit.framework/Versions/C/AppKit
0x00007fff2c4f4000 	/System/Library/Frameworks/CoreData.framework/Versions/A/CoreData
0x00007fff4be73000 	/System/Library/PrivateFrameworks/RemoteViewServices.framework/Versions/A/RemoteViewServices
0x00007fff505d3000 	/System/Library/PrivateFrameworks/UIFoundation.framework/Versions/A/UIFoundation
0x00007fff40c85000 	/System/Library/PrivateFrameworks/DFRFoundation.framework/Versions/A/DFRFoundation
0x00007fff31124000 	/System/Library/Frameworks/Metal.framework/Versions/A/Metal
0x00007fff40e22000 	/System/Library/PrivateFrameworks/DesktopServicesPriv.framework/Versions/A/DesktopServicesPriv
0x00007fff531b6000 	/usr/lib/libenergytrace.dylib
0x00007fff4e63e000 	/System/Library/PrivateFrameworks/SkyLight.framework/Versions/A/SkyLight
0x00007fff2cdd9000 	/System/Library/Frameworks/CoreGraphics.framework/Versions/A/CoreGraphics
0x00007fff52529000 	/usr/lib/libScreenReader.dylib
0x00007fff28c20000 	/System/Library/Frameworks/Accelerate.framework/Versions/A/Accelerate
0x00007fff2f22f000 	/System/Library/Frameworks/IOSurface.framework/Versions/A/IOSurface
0x00007fff2b308000 	/System/Library/Frameworks/AudioToolbox.framework/Versions/A/AudioToolbox
0x00007fff2b598000 	/System/Library/Frameworks/AudioUnit.framework/Versions/A/AudioUnit
0x00007fff40d1d000 	/System/Library/PrivateFrameworks/DataDetectorsCore.framework/Versions/A/DataDetectorsCore
0x00007fff2bc6f000 	/System/Library/Frameworks/Carbon.framework/Versions/A/Frameworks/HIToolbox.framework/Versions/A/HIToolbox
0x00007fff53310000 	/usr/lib/libicucore.A.dylib
0x00007fff37d3c000 	/System/Library/Frameworks/QuartzCore.framework/Versions/A/QuartzCore
0x00007fff4d8f5000 	/System/Library/PrivateFrameworks/SignpostNotification.framework/Versions/A/SignpostNotification
0x00007fff2c055000 	/System/Library/Frameworks/Carbon.framework/Versions/A/Frameworks/SpeechRecognition.framework/Versions/A/SpeechRecognition
0x00007fff5270c000 	/usr/lib/libauto.dylib
0x00007fff5456b000 	/usr/lib/libxml2.2.dylib
0x00007fff408d6000 	/System/Library/PrivateFrameworks/CoreUI.framework/Versions/A/CoreUI
0x00007fff2c3d0000 	/System/Library/Frameworks/CoreAudio.framework/Versions/A/CoreAudio
0x00007fff2e8ef000 	/System/Library/Frameworks/DiskArbitration.framework/Versions/A/DiskArbitration
0x00007fff53584000 	/usr/lib/liblangid.dylib
0x00007fff4837d000 	/System/Library/PrivateFrameworks/MultitouchSupport.framework/Versions/A/MultitouchSupport
0x00007fff2f192000 	/System/Library/Frameworks/IOKit.framework/Versions/A/IOKit
0x00007fff521b8000 	/usr/lib/libDiagnosticMessagesClient.dylib
0x00007fff2dacd000 	/System/Library/Frameworks/CoreServices.framework/Versions/A/CoreServices
0x00007fff49eaf000 	/System/Library/PrivateFrameworks/PerformanceAnalysis.framework/Versions/A/PerformanceAnalysis
0x00007fff36ede000 	/System/Library/Frameworks/OpenGL.framework/Versions/A/OpenGL
0x00007fff2c18a000 	/System/Library/Frameworks/ColorSync.framework/Versions/A/ColorSync
0x00007fff2d409000 	/System/Library/Frameworks/CoreImage.framework/Versions/A/CoreImage
0x00007fff2e45d000 	/System/Library/Frameworks/CoreText.framework/Versions/A/CoreText
0x00007fff2f28d000 	/System/Library/Frameworks/ImageIO.framework/Versions/A/ImageIO
0x00007fff3d5cd000 	/System/Library/PrivateFrameworks/Backup.framework/Versions/A/Backup
0x00007fff525da000 	/usr/lib/libarchive.2.dylib
0x00007fff2b8bb000 	/System/Library/Frameworks/CFNetwork.framework/Versions/A/CFNetwork
0x00007fff38f50000 	/System/Library/Frameworks/SystemConfiguration.framework/Versions/A/SystemConfiguration
0x00007fff520e1000 	/usr/lib/libCRFSuite.dylib
0x00007fff527e5000 	/usr/lib/libc++.1.dylib
0x00007fff5283c000 	/usr/lib/libc++abi.dylib
0x00007fff5472a000 	/usr/lib/system/libcache.dylib
0x00007fff5472f000 	/usr/lib/system/libcommonCrypto.dylib
0x00007fff5473a000 	/usr/lib/system/libcompiler_rt.dylib
0x00007fff54742000 	/usr/lib/system/libcopyfile.dylib
0x00007fff5474c000 	/usr/lib/system/libcorecrypto.dylib
0x00007fff54859000 	/usr/lib/system/libdispatch.dylib
0x00007fff54893000 	/usr/lib/system/libdyld.dylib
0x00007fff548b1000 	/usr/lib/system/libkeymgr.dylib
0x00007fff548bf000 	/usr/lib/system/liblaunch.dylib
0x00007fff548c0000 	/usr/lib/system/libmacho.dylib
0x00007fff548c5000 	/usr/lib/system/libquarantine.dylib
0x00007fff548c8000 	/usr/lib/system/libremovefile.dylib
0x00007fff548ca000 	/usr/lib/system/libsystem_asl.dylib
0x00007fff548e2000 	/usr/lib/system/libsystem_blocks.dylib
0x00007fff548e3000 	/usr/lib/system/libsystem_c.dylib
0x00007fff5496d000 	/usr/lib/system/libsystem_configuration.dylib
0x00007fff54971000 	/usr/lib/system/libsystem_coreservices.dylib
0x00007fff54975000 	/usr/lib/system/libsystem_darwin.dylib
0x00007fff54977000 	/usr/lib/system/libsystem_dnssd.dylib
0x00007fff5497e000 	/usr/lib/system/libsystem_info.dylib
0x00007fff549ef000 	/usr/lib/system/libsystem_m.dylib
0x00007fff54a3b000 	/usr/lib/system/libsystem_malloc.dylib
0x00007fff54a5b000 	/usr/lib/system/libsystem_network.dylib
0x00007fff54b8c000 	/usr/lib/system/libsystem_networkextension.dylib
0x00007fff54b97000 	/usr/lib/system/libsystem_notify.dylib
0x00007fff54bb5000 	/usr/lib/system/libsystem_sandbox.dylib
0x00007fff54bb9000 	/usr/lib/system/libsystem_secinit.dylib
0x00007fff549c8000 	/usr/lib/system/libsystem_kernel.dylib
0x00007fff54ba1000 	/usr/lib/system/libsystem_platform.dylib
0x00007fff54ba9000 	/usr/lib/system/libsystem_pthread.dylib
0x00007fff54bbb000 	/usr/lib/system/libsystem_symptoms.dylib
0x00007fff54bc3000 	/usr/lib/system/libsystem_trace.dylib
0x00007fff54bd8000 	/usr/lib/system/libunwind.dylib
0x00007fff54bde000 	/usr/lib/system/libxpc.dylib
0x00007fff51ff4000 	/usr/lib/closure/libclosured.dylib
0x00007fff527c6000 	/usr/lib/libbsm.0.dylib
0x00007fff548b2000 	/usr/lib/system/libkxld.dylib
0x00007fff523f2000 	/usr/lib/libOpenScriptingUtil.dylib
0x00007fff52b35000 	/usr/lib/libcoretls.dylib
0x00007fff52b4e000 	/usr/lib/libcoretls_cfhelpers.dylib
0x00007fff5406d000 	/usr/lib/libpam.2.dylib
0x00007fff54194000 	/usr/lib/libsqlite3.dylib
0x00007fff5455a000 	/usr/lib/libxar.1.dylib
0x00007fff527d7000 	/usr/lib/libbz2.1.0.dylib
0x00007fff53586000 	/usr/lib/liblzma.5.dylib
0x00007fff53a67000 	/usr/lib/libnetwork.dylib
0x00007fff525c3000 	/usr/lib/libapple_nghttp2.dylib
0x00007fff54074000 	/usr/lib/libpcap.A.dylib
0x00007fff5270d000 	/usr/lib/libboringssl.dylib
0x00007fff544f5000 	/usr/lib/libusrtcp.dylib
0x00007fff525c2000 	/usr/lib/libapple_crypto.dylib
0x00007fff2de50000 	/System/Library/Frameworks/CoreServices.framework/Versions/A/Frameworks/FSEvents.framework/Versions/A/FSEvents
0x00007fff2db43000 	/System/Library/Frameworks/CoreServices.framework/Versions/A/Frameworks/CarbonCore.framework/Versions/A/CarbonCore
0x00007fff2e017000 	/System/Library/Frameworks/CoreServices.framework/Versions/A/Frameworks/Metadata.framework/Versions/A/Metadata
0x00007fff2e0c8000 	/System/Library/Frameworks/CoreServices.framework/Versions/A/Frameworks/OSServices.framework/Versions/A/OSServices
0x00007fff2e129000 	/System/Library/Frameworks/CoreServices.framework/Versions/A/Frameworks/SearchKit.framework/Versions/A/SearchKit
0x00007fff2dace000 	/System/Library/Frameworks/CoreServices.framework/Versions/A/Frameworks/AE.framework/Versions/A/AE
0x00007fff2de59000 	/System/Library/Frameworks/CoreServices.framework/Versions/A/Frameworks/LaunchServices.framework/Versions/A/LaunchServices
0x00007fff2de1b000 	/System/Library/Frameworks/CoreServices.framework/Versions/A/Frameworks/DictionaryServices.framework/Versions/A/DictionaryServices
0x00007fff2e198000 	/System/Library/Frameworks/CoreServices.framework/Versions/A/Frameworks/SharedFileList.framework/Versions/A/SharedFileList
0x00007fff3235a000 	/System/Library/Frameworks/NetFS.framework/Versions/A/NetFS
0x00007fff4860e000 	/System/Library/PrivateFrameworks/NetAuth.framework/Versions/A/NetAuth
0x00007fff51e8b000 	/System/Library/PrivateFrameworks/login.framework/Versions/A/Frameworks/loginsupport.framework/Versions/A/loginsupport
0x00007fff50250000 	/System/Library/PrivateFrameworks/TCC.framework/Versions/A/TCC
0x00007fff53667000 	/usr/lib/libmecabra.dylib
0x00007fff2adbf000 	/System/Library/Frameworks/ApplicationServices.framework/Versions/A/Frameworks/ATS.framework/Versions/A/ATS
0x00007fff2b16d000 	/System/Library/Frameworks/ApplicationServices.framework/Versions/A/Frameworks/ColorSyncLegacy.framework/Versions/A/ColorSyncLegacy
0x00007fff2b211000 	/System/Library/Frameworks/ApplicationServices.framework/Versions/A/Frameworks/HIServices.framework/Versions/A/HIServices
0x00007fff2b264000 	/System/Library/Frameworks/ApplicationServices.framework/Versions/A/Frameworks/LangAnalysis.framework/Versions/A/LangAnalysis
0x00007fff2b273000 	/System/Library/Frameworks/ApplicationServices.framework/Versions/A/Frameworks/PrintCore.framework/Versions/A/PrintCore
0x00007fff2b2c0000 	/System/Library/Frameworks/ApplicationServices.framework/Versions/A/Frameworks/QD.framework/Versions/A/QD
0x00007fff2b2fb000 	/System/Library/Frameworks/ApplicationServices.framework/Versions/A/Frameworks/SpeechSynthesis.framework/Versions/A/SpeechSynthesis
0x00007fff2c859000 	/System/Library/Frameworks/CoreDisplay.framework/Versions/A/CoreDisplay
0x00007fff28c39000 	/System/Library/Frameworks/Accelerate.framework/Versions/A/Frameworks/vImage.framework/Versions/A/vImage
0x00007fff29c1a000 	/System/Library/Frameworks/Accelerate.framework/Versions/A/Frameworks/vecLib.framework/Versions/A/vecLib
0x00007fff299ef000 	/System/Library/Frameworks/Accelerate.framework/Versions/A/Frameworks/vecLib.framework/Versions/A/libvDSP.dylib
0x00007fff29529000 	/System/Library/Frameworks/Accelerate.framework/Versions/A/Frameworks/vecLib.framework/Versions/A/libBNNS.dylib
0x00007fff29955000 	/System/Library/Frameworks/Accelerate.framework/Versions/A/Frameworks/vecLib.framework/Versions/A/libQuadrature.dylib
0x00007fff29b63000 	/System/Library/Frameworks/Accelerate.framework/Versions/A/Frameworks/vecLib.framework/Versions/A/libvMisc.dylib
0x00007fff29564000 	/System/Library/Frameworks/Accelerate.framework/Versions/A/Frameworks/vecLib.framework/Versions/A/libLAPACK.dylib
0x00007fff29388000 	/System/Library/Frameworks/Accelerate.framework/Versions/A/Frameworks/vecLib.framework/Versions/A/libBLAS.dylib
0x00007fff2993e000 	/System/Library/Frameworks/Accelerate.framework/Versions/A/Frameworks/vecLib.framework/Versions/A/libLinearAlgebra.dylib
0x00007fff2995b000 	/System/Library/Frameworks/Accelerate.framework/Versions/A/Frameworks/vecLib.framework/Versions/A/libSparse.dylib
0x00007fff299dc000 	/System/Library/Frameworks/Accelerate.framework/Versions/A/Frameworks/vecLib.framework/Versions/A/libSparseBLAS.dylib
0x00007fff45461000 	/System/Library/PrivateFrameworks/GPUWrangler.framework/Versions/A/GPUWrangler
0x00007fff46bf2000 	/System/Library/PrivateFrameworks/IOAccelerator.framework/Versions/A/IOAccelerator
0x00007fff46bfd000 	/System/Library/PrivateFrameworks/IOPresentment.framework/Versions/A/IOPresentment
0x00007fff40c97000 	/System/Library/PrivateFrameworks/DSExternalDisplay.framework/Versions/A/DSExternalDisplay
0x00007fff3635d000 	/System/Library/Frameworks/OpenGL.framework/Versions/A/Libraries/libCoreFSCache.dylib
0x00007fff2e5ae000 	/System/Library/Frameworks/CoreVideo.framework/Versions/A/CoreVideo
0x00007fff461dc000 	/System/Library/PrivateFrameworks/GraphVisualizer.framework/Versions/A/GraphVisualizer
0x00007fff3135b000 	/System/Library/Frameworks/MetalPerformanceShaders.framework/Versions/A/MetalPerformanceShaders
0x00007fff521f0000 	/usr/lib/libFosl_dynamic.dylib
0x00007fff41d6b000 	/System/Library/PrivateFrameworks/FaceCore.framework/Versions/A/FaceCore
0x00007fff35158000 	/System/Library/Frameworks/OpenCL.framework/Versions/A/OpenCL
0x00007fff52873000 	/usr/lib/libcompression.dylib
0x00007fff2aebe000 	/System/Library/Frameworks/ApplicationServices.framework/Versions/A/Frameworks/ATS.framework/Versions/A/Resources/libFontParser.dylib
0x00007fff2afe1000 	/System/Library/Frameworks/ApplicationServices.framework/Versions/A/Frameworks/ATS.framework/Versions/A/Resources/libFontRegistry.dylib
0x00007fff2f4f8000 	/System/Library/Frameworks/ImageIO.framework/Versions/A/Resources/libJPEG.dylib
0x00007fff2f822000 	/System/Library/Frameworks/ImageIO.framework/Versions/A/Resources/libTIFF.dylib
0x00007fff2f7f8000 	/System/Library/Frameworks/ImageIO.framework/Versions/A/Resources/libPng.dylib
0x00007fff2f40b000 	/System/Library/Frameworks/ImageIO.framework/Versions/A/Resources/libGIF.dylib
0x00007fff2f410000 	/System/Library/Frameworks/ImageIO.framework/Versions/A/Resources/libJP2.dylib
0x00007fff2f81f000 	/System/Library/Frameworks/ImageIO.framework/Versions/A/Resources/libRadiance.dylib
0x00007fff3ccf8000 	/System/Library/PrivateFrameworks/AppleJPEG.framework/Versions/A/AppleJPEG
0x00007fff311c2000 	/System/Library/Frameworks/MetalPerformanceShaders.framework/Frameworks/MPSCore.framework/Versions/A/MPSCore
0x00007fff311de000 	/System/Library/Frameworks/MetalPerformanceShaders.framework/Frameworks/MPSImage.framework/Versions/A/MPSImage
0x00007fff31273000 	/System/Library/Frameworks/MetalPerformanceShaders.framework/Frameworks/MPSNeuralNetwork.framework/Versions/A/MPSNeuralNetwork
0x00007fff3124e000 	/System/Library/Frameworks/MetalPerformanceShaders.framework/Frameworks/MPSMatrix.framework/Versions/A/MPSMatrix
0x00007fff480f3000 	/System/Library/PrivateFrameworks/MetalTools.framework/Versions/A/MetalTools
0x00007fff36528000 	/System/Library/Frameworks/OpenGL.framework/Versions/A/Libraries/libGLU.dylib
0x00007fff36368000 	/System/Library/Frameworks/OpenGL.framework/Versions/A/Libraries/libGFXShared.dylib
0x00007fff36372000 	/System/Library/Frameworks/OpenGL.framework/Versions/A/Libraries/libGL.dylib
0x00007fff3637e000 	/System/Library/Frameworks/OpenGL.framework/Versions/A/Libraries/libGLImage.dylib
0x00007fff3635a000 	/System/Library/Frameworks/OpenGL.framework/Versions/A/Libraries/libCVMSPluginSupport.dylib
0x00007fff36363000 	/System/Library/Frameworks/OpenGL.framework/Versions/A/Libraries/libCoreVMClient.dylib
0x00007fff53020000 	/usr/lib/libcups.2.dylib
0x00007fff30729000 	/System/Library/Frameworks/Kerberos.framework/Versions/A/Kerberos
0x00007fff2eeec000 	/System/Library/Frameworks/GSS.framework/Versions/A/GSS
0x00007fff54127000 	/usr/lib/libresolv.9.dylib
0x00007fff5321e000 	/usr/lib/libiconv.2.dylib
0x00007fff4626e000 	/System/Library/PrivateFrameworks/Heimdal.framework/Versions/A/Heimdal
0x00007fff531ed000 	/usr/lib/libheimdal-asn1.dylib
0x00007fff351d0000 	/System/Library/Frameworks/OpenDirectory.framework/Versions/A/OpenDirectory
0x00007fff3f00e000 	/System/Library/PrivateFrameworks/CommonAuth.framework/Versions/A/CommonAuth
0x00007fff351b3000 	/System/Library/Frameworks/OpenDirectory.framework/Versions/A/Frameworks/CFOpenDirectory.framework/Versions/A/CFOpenDirectory
0x00007fff38ae9000 	/System/Library/Frameworks/SecurityFoundation.framework/Versions/A/SecurityFoundation
0x00007fff3bebd000 	/System/Library/PrivateFrameworks/APFS.framework/Versions/A/APFS
0x00007fff54556000 	/usr/lib/libutil.dylib
0x00007fff3cd7b000 	/System/Library/PrivateFrameworks/AppleSauce.framework/Versions/A/AppleSauce
0x00007fff473da000 	/System/Library/PrivateFrameworks/LinguisticData.framework/Versions/A/LinguisticData
0x00007fff535a0000 	/usr/lib/libmarisa.dylib
0x00007fff47394000 	/System/Library/PrivateFrameworks/Lexicon.framework/Versions/A/Lexicon
0x00007fff5211b000 	/usr/lib/libChineseTokenizer.dylib
0x00007fff52862000 	/usr/lib/libcmph.dylib
0x00007fff4729e000 	/System/Library/PrivateFrameworks/LanguageModeling.framework/Versions/A/LanguageModeling
0x00007fff3fb1d000 	/System/Library/PrivateFrameworks/CoreEmoji.framework/Versions/A/CoreEmoji
0x00007fff38ba7000 	/System/Library/Frameworks/ServiceManagement.framework/Versions/A/ServiceManagement
0x00007fff3d5c5000 	/System/Library/PrivateFrameworks/BackgroundTaskManagement.framework/Versions/A/BackgroundTaskManagement
0x00007fff54653000 	/usr/lib/libxslt.1.dylib
0x00007fff2bf7f000 	/System/Library/Frameworks/Carbon.framework/Versions/A/Frameworks/Ink.framework/Versions/A/Ink
0x00007fff50465000 	/System/Library/PrivateFrameworks/TextureIO.framework/Versions/A/TextureIO
0x00007fff52605000 	/usr/lib/libate.dylib
0x00007fff40bf7000 	/System/Library/PrivateFrameworks/CrashReporterSupport.framework/Versions/A/CrashReporterSupport
0x00007fff4d7b5000 	/System/Library/PrivateFrameworks/Sharing.framework/Versions/A/Sharing
0x00007fff46fdf000 	/System/Library/PrivateFrameworks/IconServices.framework/Versions/A/IconServices
0x00007fff3d1f5000 	/System/Library/PrivateFrameworks/AuthKit.framework/Versions/A/AuthKit
0x00007fff3cb7b000 	/System/Library/PrivateFrameworks/Apple80211.framework/Versions/A/Apple80211
0x00007fff40a0c000 	/System/Library/PrivateFrameworks/CoreUtils.framework/Versions/A/CoreUtils
0x00007fff2e5e9000 	/System/Library/Frameworks/CoreWLAN.framework/Versions/A/CoreWLAN
0x00007fff2f02e000 	/System/Library/Frameworks/IOBluetooth.framework/Versions/A/IOBluetooth
0x00007fff4bc7e000 	/System/Library/PrivateFrameworks/ProtocolBuffer.framework/Versions/A/ProtocolBuffer
0x00007fff482d8000 	/System/Library/PrivateFrameworks/MobileKeyBag.framework/Versions/A/MobileKeyBag
0x00007fff402c1000 	/System/Library/PrivateFrameworks/CorePhoneNumbers.framework/Versions/A/CorePhoneNumbers
0x00007fff3ccb3000 	/System/Library/PrivateFrameworks/AppleIDAuthSupport.framework/Versions/A/AppleIDAuthSupport
0x00007fff4728a000 	/System/Library/PrivateFrameworks/KeychainCircle.framework/Versions/A/KeychainCircle
0x00007fff40b92000 	/System/Library/PrivateFrameworks/CoreWiFi.framework/Versions/A/CoreWiFi
0x00007fff2c4ca000 	/System/Library/Frameworks/CoreBluetooth.framework/Versions/A/CoreBluetooth
0x00007fff40de1000 	/System/Library/PrivateFrameworks/DebugSymbols.framework/Versions/A/DebugSymbols
0x00007fff407c2000 	/System/Library/PrivateFrameworks/CoreSymbolication.framework/Versions/A/CoreSymbolication
0x00007fff4fc56000 	/System/Library/PrivateFrameworks/Symbolication.framework/Versions/A/Symbolication
0x00007fff3cba5000 	/System/Library/PrivateFrameworks/AppleFSCompression.framework/Versions/A/AppleFSCompression
0x00007fff4f0a3000 	/System/Library/PrivateFrameworks/SpeechRecognitionCore.framework/Versions/A/SpeechRecognitionCore
0x0000000106800000 	/Library/Java/JavaVirtualMachines/openjdk-11.0.1.jdk/Contents/Home/lib/server/libjvm.dylib
0x0000000105fcc000 	/Library/Java/JavaVirtualMachines/openjdk-11.0.1.jdk/Contents/Home/lib/libverify.dylib
0x000000010767d000 	/Library/Java/JavaVirtualMachines/openjdk-11.0.1.jdk/Contents/Home/lib/libjava.dylib
0x0000000105fe3000 	/Library/Java/JavaVirtualMachines/openjdk-11.0.1.jdk/Contents/Home/lib/libzip.dylib
0x0000000105feb000 	/Library/Java/JavaVirtualMachines/openjdk-11.0.1.jdk/Contents/Home/lib/libjimage.dylib
0x0000000107c0b000 	/Library/Java/JavaVirtualMachines/openjdk-11.0.1.jdk/Contents/Home/lib/libnio.dylib
0x0000000124485000 	/Library/Java/JavaVirtualMachines/openjdk-11.0.1.jdk/Contents/Home/lib/./libnet.dylib
0x0000000124874000 	/Users/admin/.vscode/extensions/redhat.java-0.34.0/server/config_mac/org.eclipse.equinox.launcher/org.eclipse.equinox.launcher.cocoa.macosx.x86_64_1.1.900.v20180922-1751/eclipse_1801.so
0x00007fff40454000 	/System/Library/PrivateFrameworks/CoreServicesInternal.framework/Versions/A/CoreServicesInternal
0x00007fff54423000 	/usr/lib/libstdc++.6.0.9.dylib


VM Arguments:
jvm_args: --add-modules=ALL-SYSTEM --add-opens=java.base/java.util=ALL-UNNAMED --add-opens=java.base/java.lang=ALL-UNNAMED -Declipse.application=org.eclipse.jdt.ls.core.id1 -Dosgi.bundles.defaultStartLevel=4 -Declipse.product=org.eclipse.jdt.ls.core.product -Xverify:none -Xmx1G -XX:+UseG1GC -XX:+UseStringDeduplication 
java_command: /Users/admin/.vscode/extensions/redhat.java-0.34.0/server/plugins/org.eclipse.equinox.launcher_1.5.200.v20180922-1751.jar -configuration /Users/admin/.vscode/extensions/redhat.java-0.34.0/server/config_mac -data /Users/admin/Library/Application Support/Code/User/workspaceStorage/6059fc2f899d174b2d581b269e1a5d32/redhat.java/jdt_ws
java_class_path (initial): /Users/admin/.vscode/extensions/redhat.java-0.34.0/server/plugins/org.eclipse.equinox.launcher_1.5.200.v20180922-1751.jar
Launcher Type: SUN_STANDARD

[Global flags]
     bool BytecodeVerificationLocal                = false                                     {product} {command line}
     bool BytecodeVerificationRemote               = false                                     {product} {command line}
     intx CICompilerCount                          = 3                                         {product} {ergonomic}
     uint ConcGCThreads                            = 1                                         {product} {ergonomic}
     uint G1ConcRefinementThreads                  = 4                                         {product} {ergonomic}
   size_t G1HeapRegionSize                         = 1048576                                   {product} {ergonomic}
    uintx GCDrainStackTargetSize                   = 64                                        {product} {ergonomic}
   size_t InitialHeapSize                          = 268435456                                 {product} {ergonomic}
   size_t MarkStackSize                            = 4194304                                   {product} {ergonomic}
   size_t MaxHeapSize                              = 1073741824                                {product} {command line}
   size_t MaxNewSize                               = 643825664                                 {product} {ergonomic}
   size_t MinHeapDeltaBytes                        = 1048576                                   {product} {ergonomic}
    uintx NonNMethodCodeHeapSize                   = 5830092                                {pd product} {ergonomic}
    uintx NonProfiledCodeHeapSize                  = 122914074                              {pd product} {ergonomic}
    uintx ProfiledCodeHeapSize                     = 122914074                              {pd product} {ergonomic}
    uintx ReservedCodeCacheSize                    = 251658240                              {pd product} {ergonomic}
     bool SegmentedCodeCache                       = true                                      {product} {ergonomic}
     bool UseCompressedClassPointers               = true                                 {lp64_product} {ergonomic}
     bool UseCompressedOops                        = true                                 {lp64_product} {ergonomic}
     bool UseG1GC                                  = true                                      {product} {command line}
     bool UseStringDeduplication                   = true                                      {product} {command line}

Logging:
Log output configuration:
 #0: stdout all=warning uptime,level,tags
 #1: stderr all=off uptime,level,tags

Environment Variables:
PATH=/usr/local/opt/node@10/bin:/usr/local/opt/gettext/bin:/usr/local/opt/ncurses/bin:/usr/local/opt/icu4c/sbin:/usr/local/opt/icu4c/bin:/usr/local/opt/node@10/bin:/usr/local/opt/sqlite/bin:/usr/local/bin:/usr/bin:/bin:/usr/sbin:/sbin:/usr/local/share/dotnet:~/.dotnet/tools:/Users/admin/.vimpkg/bin
SHELL=/bin/zsh

Signal Handlers:
SIGSEGV: [libjvm.dylib+0x750918], sa_mask[0]=11111111011111110111111111111111, sa_flags=SA_ONSTACK|SA_RESTART|SA_SIGINFO
SIGBUS: [libjvm.dylib+0x750918], sa_mask[0]=11111111011111110111111111111111, sa_flags=SA_RESTART|SA_SIGINFO
SIGFPE: [libjvm.dylib+0x750918], sa_mask[0]=11111111011111110111111111111111, sa_flags=SA_RESTART|SA_SIGINFO
SIGPIPE: [libjvm.dylib+0x600ed2], sa_mask[0]=11111111011111110111111111111111, sa_flags=SA_RESTART|SA_SIGINFO
SIGXFSZ: [libjvm.dylib+0x600ed2], sa_mask[0]=11111111011111110111111111111111, sa_flags=SA_RESTART|SA_SIGINFO
SIGILL: [libjvm.dylib+0x750918], sa_mask[0]=11111111011111110111111111111111, sa_flags=SA_RESTART|SA_SIGINFO
SIGUSR2: [libjvm.dylib+0x6014b7], sa_mask[0]=00000000000000000000000000000000, sa_flags=SA_RESTART|SA_SIGINFO
SIGHUP: [libjvm.dylib+0x5fff13], sa_mask[0]=11111111011111110111111111111111, sa_flags=SA_RESTART|SA_SIGINFO
SIGINT: [libjvm.dylib+0x5fff13], sa_mask[0]=11111111011111110111111111111111, sa_flags=SA_RESTART|SA_SIGINFO
SIGTERM: [libjvm.dylib+0x5fff13], sa_mask[0]=11111111011111110111111111111111, sa_flags=SA_RESTART|SA_SIGINFO
SIGQUIT: [libjvm.dylib+0x5fff13], sa_mask[0]=11111111011111110111111111111111, sa_flags=SA_RESTART|SA_SIGINFO


---------------  S Y S T E M  ---------------

OS:uname:Darwin 17.7.0 Darwin Kernel Version 17.7.0: Thu Jun 21 22:53:14 PDT 2018; root:xnu-4570.71.2~1/RELEASE_X86_64 x86_64
rlimit: STACK 8192k, CORE 0k, NPROC 1418, NOFILE 10240, AS infinity, DATA infinity, FSIZE infinity
load average:2.09 2.39 3.00

CPU:total 4 (initial active 4) (2 cores per cpu, 2 threads per core) family 6 model 58 stepping 9, cmov, cx8, fxsr, mmx, sse, sse2, sse3, ssse3, sse4.1, sse4.2, popcnt, avx, aes, clmul, erms, ht, tsc, tscinvbit, tscinv

Memory: 4k page, physical 16777216k(1670492k free)

vm_info: OpenJDK 64-Bit Server VM (11.0.1+13) for bsd-amd64 JRE (11.0.1+13), built on Oct  6 2018 12:17:16 by "mach5one" with gcc 4.2.1 Compatible Apple LLVM 9.1.0 (clang-902.0.39.2)

END.
